<?xml version="1.0" encoding="UTF-8"?>
<coverage generated="1606478665217" clover="3.2.0">
  <project timestamp="1606478665217" name="All files">
    <metrics statements="218" coveredstatements="183" conditionals="50" coveredconditionals="26" methods="93" coveredmethods="78" elements="361" coveredelements="287" complexity="0" loc="218" ncloc="218" packages="2" files="4" classes="4"/>
    <package name="src">
      <metrics statements="183" coveredstatements="151" conditionals="44" coveredconditionals="23" methods="75" coveredmethods="68"/>
      <file name="api.ts" path="/mnt/laut/owner/packages/js_pubapi/src/api.ts">
        <metrics statements="91" coveredstatements="85" conditionals="25" coveredconditionals="16" methods="29" coveredmethods="27"/>
        <line num="10" count="1" type="stmt"/>
        <line num="11" count="1" type="stmt"/>
        <line num="12" count="1" type="stmt"/>
        <line num="20" count="1" type="stmt"/>
        <line num="21" count="1" type="stmt"/>
        <line num="22" count="1" type="stmt"/>
        <line num="31" count="1" type="stmt"/>
        <line num="32" count="1" type="stmt"/>
        <line num="33" count="1" type="stmt"/>
        <line num="42" count="1" type="stmt"/>
        <line num="43" count="1" type="stmt"/>
        <line num="44" count="1" type="stmt"/>
        <line num="54" count="1" type="stmt"/>
        <line num="55" count="2" type="stmt"/>
        <line num="56" count="2" type="stmt"/>
        <line num="65" count="1" type="stmt"/>
        <line num="66" count="1" type="stmt"/>
        <line num="67" count="458" type="stmt"/>
        <line num="76" count="1" type="stmt"/>
        <line num="77" count="1" type="stmt"/>
        <line num="78" count="1" type="stmt"/>
        <line num="88" count="1" type="stmt"/>
        <line num="89" count="1" type="stmt"/>
        <line num="90" count="458" type="stmt"/>
        <line num="91" count="1" type="stmt"/>
        <line num="100" count="1" type="stmt"/>
        <line num="101" count="1" type="stmt"/>
        <line num="102" count="458" type="stmt"/>
        <line num="103" count="1" type="stmt"/>
        <line num="112" count="1" type="stmt"/>
        <line num="113" count="1" type="stmt"/>
        <line num="114" count="1" type="stmt"/>
        <line num="124" count="1" type="stmt"/>
        <line num="125" count="2" type="stmt"/>
        <line num="126" count="2" type="stmt"/>
        <line num="135" count="1" type="stmt"/>
        <line num="136" count="1" type="stmt"/>
        <line num="137" count="1" type="stmt"/>
        <line num="138" count="1" type="stmt"/>
        <line num="139" count="8020" type="stmt"/>
        <line num="141" count="1" type="stmt"/>
        <line num="151" count="1" type="stmt"/>
        <line num="152" count="1" type="stmt"/>
        <line num="153" count="1" type="stmt"/>
        <line num="162" count="1" type="stmt"/>
        <line num="163" count="1" type="stmt"/>
        <line num="164" count="1" type="stmt"/>
        <line num="173" count="1" type="stmt"/>
        <line num="174" count="1" type="stmt"/>
        <line num="175" count="219" type="stmt"/>
        <line num="185" count="1" type="stmt"/>
        <line num="186" count="1" type="stmt"/>
        <line num="187" count="219" type="stmt"/>
        <line num="196" count="1" type="stmt"/>
        <line num="197" count="1" type="stmt"/>
        <line num="198" count="1" type="stmt"/>
        <line num="201" count="1" type="cond" truecount="0" falsecount="1"/>
        <line num="202" count="5" type="stmt"/>
        <line num="203" count="5" type="stmt"/>
        <line num="204" count="5" type="cond" truecount="1" falsecount="1"/>
        <line num="205" count="5" type="cond" truecount="3" falsecount="3"/>
        <line num="206" count="5" type="stmt"/>
        <line num="207" count="4" type="cond" truecount="1" falsecount="1"/>
        <line num="208" count="4" type="stmt"/>
        <line num="211" count="5" type="stmt"/>
        <line num="232" count="1" type="stmt"/>
        <line num="233" count="4" type="cond" truecount="2" falsecount="0"/>
        <line num="234" count="2" type="stmt"/>
        <line num="235" count="2" type="stmt"/>
        <line num="237" count="2" type="stmt"/>
        <line num="247" count="1" type="cond" truecount="1" falsecount="0"/>
        <line num="248" count="2" type="stmt"/>
        <line num="249" count="2" type="stmt"/>
        <line num="250" count="2" type="stmt"/>
        <line num="261" count="1" type="cond" truecount="1" falsecount="0"/>
        <line num="262" count="2" type="stmt"/>
        <line num="263" count="2" type="cond" truecount="3" falsecount="1"/>
        <line num="264" count="0" type="stmt"/>
        <line num="265" count="0" type="stmt"/>
        <line num="266" count="0" type="stmt"/>
        <line num="268" count="2" type="stmt"/>
        <line num="269" count="2" type="stmt"/>
        <line num="280" count="1" type="cond" truecount="1" falsecount="0"/>
        <line num="281" count="1" type="cond" truecount="3" falsecount="1"/>
        <line num="282" count="1" type="stmt"/>
        <line num="283" count="1" type="stmt"/>
        <line num="284" count="1" type="stmt"/>
        <line num="294" count="1" type="cond" truecount="0" falsecount="1"/>
        <line num="295" count="0" type="stmt"/>
        <line num="296" count="0" type="stmt"/>
        <line num="297" count="0" type="stmt"/>
      </file>
      <file name="query.ts" path="/mnt/laut/owner/packages/js_pubapi/src/query.ts">
        <metrics statements="27" coveredstatements="19" conditionals="3" coveredconditionals="3" methods="8" coveredmethods="5"/>
        <line num="9" count="2" type="stmt"/>
        <line num="12" count="57" type="stmt"/>
        <line num="13" count="57" type="stmt"/>
        <line num="14" count="4" type="stmt"/>
        <line num="15" count="4" type="cond" truecount="2" falsecount="0"/>
        <line num="16" count="4" type="stmt"/>
        <line num="18" count="57" type="stmt"/>
        <line num="21" count="2" type="cond" truecount="1" falsecount="0"/>
        <line num="22" count="57" type="stmt"/>
        <line num="23" count="57" type="stmt"/>
        <line num="24" count="57" type="stmt"/>
        <line num="25" count="57" type="stmt"/>
        <line num="26" count="57" type="stmt"/>
        <line num="27" count="57" type="stmt"/>
        <line num="29" count="57" type="stmt"/>
        <line num="30" count="0" type="stmt"/>
        <line num="31" count="0" type="stmt"/>
        <line num="32" count="0" type="stmt"/>
        <line num="33" count="0" type="stmt"/>
        <line num="35" count="57" type="stmt"/>
        <line num="36" count="57" type="stmt"/>
        <line num="37" count="0" type="stmt"/>
        <line num="38" count="0" type="stmt"/>
        <line num="39" count="0" type="stmt"/>
        <line num="40" count="0" type="stmt"/>
        <line num="42" count="57" type="stmt"/>
        <line num="43" count="57" type="stmt"/>
      </file>
      <file name="station.ts" path="/mnt/laut/owner/packages/js_pubapi/src/station.ts">
        <metrics statements="65" coveredstatements="47" conditionals="16" coveredconditionals="4" methods="38" coveredmethods="36"/>
        <line num="21" count="27" type="stmt"/>
        <line num="22" count="27" type="stmt"/>
        <line num="26" count="26" type="stmt"/>
        <line num="27" count="26" type="stmt"/>
        <line num="36" count="27" type="stmt"/>
        <line num="37" count="27" type="stmt"/>
        <line num="46" count="1" type="stmt"/>
        <line num="47" count="1" type="stmt"/>
        <line num="56" count="1" type="stmt"/>
        <line num="57" count="1" type="stmt"/>
        <line num="66" count="1" type="stmt"/>
        <line num="67" count="1" type="stmt"/>
        <line num="76" count="1" type="stmt"/>
        <line num="77" count="1" type="stmt"/>
        <line num="86" count="1" type="stmt"/>
        <line num="87" count="1" type="stmt"/>
        <line num="96" count="1" type="stmt"/>
        <line num="97" count="1" type="stmt"/>
        <line num="98" count="3" type="stmt"/>
        <line num="109" count="1" type="stmt"/>
        <line num="120" count="0" type="cond" truecount="0" falsecount="2"/>
        <line num="122" count="0" type="cond" truecount="0" falsecount="4"/>
        <line num="124" count="0" type="stmt"/>
        <line num="125" count="0" type="stmt"/>
        <line num="127" count="0" type="stmt"/>
        <line num="128" count="0" type="stmt"/>
        <line num="130" count="0" type="stmt"/>
        <line num="131" count="0" type="stmt"/>
        <line num="133" count="0" type="stmt"/>
        <line num="134" count="0" type="stmt"/>
        <line num="137" count="0" type="cond" truecount="0" falsecount="3"/>
        <line num="139" count="0" type="stmt"/>
        <line num="140" count="0" type="stmt"/>
        <line num="142" count="0" type="stmt"/>
        <line num="143" count="0" type="stmt"/>
        <line num="145" count="0" type="stmt"/>
        <line num="146" count="0" type="stmt"/>
        <line num="155" count="1" type="stmt"/>
        <line num="161" count="1" type="stmt"/>
        <line num="167" count="1" type="stmt"/>
        <line num="173" count="1" type="stmt"/>
        <line num="179" count="1" type="stmt"/>
        <line num="185" count="1" type="stmt"/>
        <line num="191" count="1" type="stmt"/>
        <line num="197" count="1" type="stmt"/>
        <line num="204" count="1" type="stmt"/>
        <line num="205" count="1" type="stmt"/>
        <line num="206" count="1" type="cond" truecount="3" falsecount="1"/>
        <line num="213" count="1" type="stmt"/>
        <line num="219" count="1" type="stmt"/>
        <line num="225" count="1" type="stmt"/>
        <line num="231" count="1" type="cond" truecount="1" falsecount="1"/>
        <line num="237" count="1" type="stmt"/>
        <line num="243" count="1" type="stmt"/>
        <line num="249" count="1" type="stmt"/>
        <line num="255" count="1" type="stmt"/>
        <line num="261" count="1" type="stmt"/>
        <line num="267" count="1" type="stmt"/>
        <line num="273" count="1" type="stmt"/>
        <line num="279" count="1" type="stmt"/>
        <line num="285" count="0" type="stmt"/>
        <line num="293" count="1" type="stmt"/>
        <line num="299" count="1" type="stmt"/>
        <line num="305" count="1" type="stmt"/>
        <line num="311" count="1" type="stmt"/>
      </file>
    </package>
    <package name="tests.mocks">
      <metrics statements="35" coveredstatements="32" conditionals="6" coveredconditionals="3" methods="18" coveredmethods="10"/>
      <file name="xhr_mock.ts" path="/mnt/laut/owner/packages/js_pubapi/tests/mocks/xhr_mock.ts">
        <metrics statements="35" coveredstatements="32" conditionals="6" coveredconditionals="3" methods="18" coveredmethods="10"/>
        <line num="23" count="2" type="stmt"/>
        <line num="24" count="2" type="stmt"/>
        <line num="25" count="2" type="stmt"/>
        <line num="26" count="2" type="stmt"/>
        <line num="27" count="2" type="stmt"/>
        <line num="28" count="2" type="stmt"/>
        <line num="29" count="2" type="stmt"/>
        <line num="30" count="2" type="stmt"/>
        <line num="31" count="2" type="stmt"/>
        <line num="32" count="2" type="stmt"/>
        <line num="33" count="57" type="stmt"/>
        <line num="34" count="2" type="stmt"/>
        <line num="43" count="619" type="stmt"/>
        <line num="44" count="57" type="stmt"/>
        <line num="48" count="57" type="stmt"/>
        <line num="49" count="57" type="stmt"/>
        <line num="50" count="57" type="stmt"/>
        <line num="54" count="57" type="stmt"/>
        <line num="55" count="57" type="cond" truecount="3" falsecount="1"/>
        <line num="56" count="57" type="stmt"/>
        <line num="57" count="57" type="stmt"/>
        <line num="58" count="0" type="cond" truecount="0" falsecount="2"/>
        <line num="59" count="0" type="stmt"/>
        <line num="61" count="0" type="stmt"/>
        <line num="67" count="58" type="stmt"/>
        <line num="68" count="58" type="stmt"/>
        <line num="72" count="228" type="stmt"/>
        <line num="76" count="58" type="stmt"/>
        <line num="77" count="58" type="stmt"/>
        <line num="78" count="58" type="stmt"/>
        <line num="79" count="58" type="stmt"/>
        <line num="80" count="58" type="stmt"/>
        <line num="81" count="58" type="stmt"/>
        <line num="82" count="58" type="stmt"/>
        <line num="83" count="58" type="stmt"/>
      </file>
    </package>
  </project>
</coverage>
