{"/home/fvhockney/laut/pubapi/src/api.js": {"path":"/home/fvhockney/laut/pubapi/src/api.js","statementMap":{"0":{"start":{"line":9,"column":31},"end":{"line":12,"column":1}},"1":{"start":{"line":10,"column":17},"end":{"line":10,"column":45}},"2":{"start":{"line":11,"column":4},"end":{"line":11,"column":23}},"3":{"start":{"line":19,"column":28},"end":{"line":22,"column":1}},"4":{"start":{"line":20,"column":17},"end":{"line":20,"column":45}},"5":{"start":{"line":21,"column":4},"end":{"line":21,"column":15}},"6":{"start":{"line":30,"column":26},"end":{"line":33,"column":1}},"7":{"start":{"line":31,"column":17},"end":{"line":31,"column":36}},"8":{"start":{"line":32,"column":4},"end":{"line":32,"column":15}},"9":{"start":{"line":41,"column":23},"end":{"line":44,"column":1}},"10":{"start":{"line":42,"column":17},"end":{"line":42,"column":39}},"11":{"start":{"line":43,"column":4},"end":{"line":43,"column":15}},"12":{"start":{"line":53,"column":25},"end":{"line":56,"column":1}},"13":{"start":{"line":54,"column":17},"end":{"line":54,"column":39}},"14":{"start":{"line":55,"column":4},"end":{"line":55,"column":38}},"15":{"start":{"line":64,"column":22},"end":{"line":67,"column":1}},"16":{"start":{"line":65,"column":17},"end":{"line":65,"column":38}},"17":{"start":{"line":66,"column":4},"end":{"line":66,"column":34}},"18":{"start":{"line":66,"column":26},"end":{"line":66,"column":32}},"19":{"start":{"line":75,"column":25},"end":{"line":78,"column":1}},"20":{"start":{"line":76,"column":17},"end":{"line":76,"column":38}},"21":{"start":{"line":77,"column":4},"end":{"line":77,"column":15}},"22":{"start":{"line":87,"column":21},"end":{"line":91,"column":1}},"23":{"start":{"line":88,"column":17},"end":{"line":88,"column":38}},"24":{"start":{"line":89,"column":19},"end":{"line":89,"column":55}},"25":{"start":{"line":89,"column":37},"end":{"line":89,"column":53}},"26":{"start":{"line":90,"column":4},"end":{"line":90,"column":20}},"27":{"start":{"line":99,"column":29},"end":{"line":103,"column":1}},"28":{"start":{"line":100,"column":17},"end":{"line":100,"column":38}},"29":{"start":{"line":101,"column":19},"end":{"line":101,"column":55}},"30":{"start":{"line":101,"column":37},"end":{"line":101,"column":53}},"31":{"start":{"line":102,"column":4},"end":{"line":102,"column":28}},"32":{"start":{"line":111,"column":28},"end":{"line":114,"column":1}},"33":{"start":{"line":112,"column":17},"end":{"line":112,"column":45}},"34":{"start":{"line":113,"column":4},"end":{"line":113,"column":15}},"35":{"start":{"line":123,"column":26},"end":{"line":126,"column":1}},"36":{"start":{"line":124,"column":17},"end":{"line":124,"column":45}},"37":{"start":{"line":125,"column":4},"end":{"line":125,"column":39}},"38":{"start":{"line":134,"column":28},"end":{"line":141,"column":1}},"39":{"start":{"line":135,"column":17},"end":{"line":135,"column":41}},"40":{"start":{"line":136,"column":14},"end":{"line":136,"column":15}},"41":{"start":{"line":137,"column":4},"end":{"line":139,"column":5}},"42":{"start":{"line":138,"column":8},"end":{"line":138,"column":34}},"43":{"start":{"line":140,"column":4},"end":{"line":140,"column":14}},"44":{"start":{"line":150,"column":25},"end":{"line":153,"column":1}},"45":{"start":{"line":151,"column":17},"end":{"line":151,"column":41}},"46":{"start":{"line":152,"column":4},"end":{"line":152,"column":24}},"47":{"start":{"line":161,"column":31},"end":{"line":164,"column":1}},"48":{"start":{"line":162,"column":17},"end":{"line":162,"column":45}},"49":{"start":{"line":163,"column":4},"end":{"line":163,"column":15}},"50":{"start":{"line":172,"column":28},"end":{"line":175,"column":1}},"51":{"start":{"line":173,"column":17},"end":{"line":173,"column":45}},"52":{"start":{"line":174,"column":4},"end":{"line":174,"column":34}},"53":{"start":{"line":174,"column":26},"end":{"line":174,"column":32}},"54":{"start":{"line":184,"column":29},"end":{"line":187,"column":1}},"55":{"start":{"line":185,"column":17},"end":{"line":185,"column":45}},"56":{"start":{"line":186,"column":4},"end":{"line":186,"column":62}},"57":{"start":{"line":186,"column":29},"end":{"line":186,"column":47}},"58":{"start":{"line":195,"column":31},"end":{"line":198,"column":1}},"59":{"start":{"line":196,"column":17},"end":{"line":196,"column":45}},"60":{"start":{"line":197,"column":4},"end":{"line":197,"column":22}},"61":{"start":{"line":200,"column":22},"end":{"line":209,"column":1}},"62":{"start":{"line":201,"column":24},"end":{"line":201,"column":60}},"63":{"start":{"line":202,"column":4},"end":{"line":202,"column":64}},"64":{"start":{"line":202,"column":41},"end":{"line":202,"column":62}},"65":{"start":{"line":203,"column":4},"end":{"line":203,"column":123}},"66":{"start":{"line":203,"column":83},"end":{"line":203,"column":121}},"67":{"start":{"line":204,"column":4},"end":{"line":204,"column":77}},"68":{"start":{"line":204,"column":46},"end":{"line":204,"column":75}},"69":{"start":{"line":205,"column":4},"end":{"line":207,"column":5}},"70":{"start":{"line":206,"column":8},"end":{"line":206,"column":88}},"71":{"start":{"line":206,"column":47},"end":{"line":206,"column":86}},"72":{"start":{"line":208,"column":4},"end":{"line":208,"column":18}},"73":{"start":{"line":211,"column":21},"end":{"line":218,"column":1}},"74":{"start":{"line":212,"column":4},"end":{"line":217,"column":5}},"75":{"start":{"line":213,"column":46},"end":{"line":213,"column":50}},"76":{"start":{"line":214,"column":8},"end":{"line":214,"column":37}},"77":{"start":{"line":216,"column":8},"end":{"line":216,"column":19}},"78":{"start":{"line":227,"column":27},"end":{"line":231,"column":1}},"79":{"start":{"line":228,"column":17},"end":{"line":228,"column":39}},"80":{"start":{"line":229,"column":17},"end":{"line":229,"column":47}},"81":{"start":{"line":230,"column":4},"end":{"line":230,"column":29}},"82":{"start":{"line":241,"column":33},"end":{"line":251,"column":1}},"83":{"start":{"line":242,"column":17},"end":{"line":242,"column":39}},"84":{"start":{"line":243,"column":4},"end":{"line":250,"column":5}},"85":{"start":{"line":244,"column":21},"end":{"line":244,"column":59}},"86":{"start":{"line":245,"column":32},"end":{"line":245,"column":71}},"87":{"start":{"line":245,"column":50},"end":{"line":245,"column":69}},"88":{"start":{"line":246,"column":8},"end":{"line":246,"column":44}},"89":{"start":{"line":248,"column":21},"end":{"line":248,"column":68}},"90":{"start":{"line":249,"column":8},"end":{"line":249,"column":33}},"91":{"start":{"line":260,"column":24},"end":{"line":265,"column":1}},"92":{"start":{"line":261,"column":4},"end":{"line":261,"column":101}},"93":{"start":{"line":261,"column":45},"end":{"line":261,"column":99}},"94":{"start":{"line":262,"column":17},"end":{"line":262,"column":39}},"95":{"start":{"line":263,"column":17},"end":{"line":263,"column":58}},"96":{"start":{"line":264,"column":4},"end":{"line":264,"column":15}},"97":{"start":{"line":276,"column":31},"end":{"line":276,"column":63}}},"fnMap":{"0":{"name":"(anonymous_0)","decl":{"start":{"line":9,"column":31},"end":{"line":9,"column":32}},"loc":{"start":{"line":9,"column":48},"end":{"line":12,"column":1}},"line":9},"1":{"name":"(anonymous_1)","decl":{"start":{"line":19,"column":28},"end":{"line":19,"column":29}},"loc":{"start":{"line":19,"column":45},"end":{"line":22,"column":1}},"line":19},"2":{"name":"(anonymous_2)","decl":{"start":{"line":30,"column":26},"end":{"line":30,"column":27}},"loc":{"start":{"line":30,"column":43},"end":{"line":33,"column":1}},"line":30},"3":{"name":"(anonymous_3)","decl":{"start":{"line":41,"column":23},"end":{"line":41,"column":24}},"loc":{"start":{"line":41,"column":40},"end":{"line":44,"column":1}},"line":41},"4":{"name":"(anonymous_4)","decl":{"start":{"line":53,"column":25},"end":{"line":53,"column":26}},"loc":{"start":{"line":53,"column":48},"end":{"line":56,"column":1}},"line":53},"5":{"name":"(anonymous_5)","decl":{"start":{"line":64,"column":22},"end":{"line":64,"column":23}},"loc":{"start":{"line":64,"column":39},"end":{"line":67,"column":1}},"line":64},"6":{"name":"(anonymous_6)","decl":{"start":{"line":66,"column":21},"end":{"line":66,"column":22}},"loc":{"start":{"line":66,"column":26},"end":{"line":66,"column":32}},"line":66},"7":{"name":"(anonymous_7)","decl":{"start":{"line":75,"column":25},"end":{"line":75,"column":26}},"loc":{"start":{"line":75,"column":42},"end":{"line":78,"column":1}},"line":75},"8":{"name":"(anonymous_8)","decl":{"start":{"line":87,"column":21},"end":{"line":87,"column":22}},"loc":{"start":{"line":87,"column":43},"end":{"line":91,"column":1}},"line":87},"9":{"name":"(anonymous_9)","decl":{"start":{"line":89,"column":32},"end":{"line":89,"column":33}},"loc":{"start":{"line":89,"column":37},"end":{"line":89,"column":53}},"line":89},"10":{"name":"(anonymous_10)","decl":{"start":{"line":99,"column":29},"end":{"line":99,"column":30}},"loc":{"start":{"line":99,"column":51},"end":{"line":103,"column":1}},"line":99},"11":{"name":"(anonymous_11)","decl":{"start":{"line":101,"column":32},"end":{"line":101,"column":33}},"loc":{"start":{"line":101,"column":37},"end":{"line":101,"column":53}},"line":101},"12":{"name":"(anonymous_12)","decl":{"start":{"line":111,"column":28},"end":{"line":111,"column":29}},"loc":{"start":{"line":111,"column":45},"end":{"line":114,"column":1}},"line":111},"13":{"name":"(anonymous_13)","decl":{"start":{"line":123,"column":26},"end":{"line":123,"column":27}},"loc":{"start":{"line":123,"column":50},"end":{"line":126,"column":1}},"line":123},"14":{"name":"(anonymous_14)","decl":{"start":{"line":134,"column":28},"end":{"line":134,"column":29}},"loc":{"start":{"line":134,"column":45},"end":{"line":141,"column":1}},"line":134},"15":{"name":"(anonymous_15)","decl":{"start":{"line":150,"column":25},"end":{"line":150,"column":26}},"loc":{"start":{"line":150,"column":49},"end":{"line":153,"column":1}},"line":150},"16":{"name":"(anonymous_16)","decl":{"start":{"line":161,"column":31},"end":{"line":161,"column":32}},"loc":{"start":{"line":161,"column":48},"end":{"line":164,"column":1}},"line":161},"17":{"name":"(anonymous_17)","decl":{"start":{"line":172,"column":28},"end":{"line":172,"column":29}},"loc":{"start":{"line":172,"column":45},"end":{"line":175,"column":1}},"line":172},"18":{"name":"(anonymous_18)","decl":{"start":{"line":174,"column":21},"end":{"line":174,"column":22}},"loc":{"start":{"line":174,"column":26},"end":{"line":174,"column":32}},"line":174},"19":{"name":"(anonymous_19)","decl":{"start":{"line":184,"column":29},"end":{"line":184,"column":30}},"loc":{"start":{"line":184,"column":53},"end":{"line":187,"column":1}},"line":184},"20":{"name":"(anonymous_20)","decl":{"start":{"line":186,"column":24},"end":{"line":186,"column":25}},"loc":{"start":{"line":186,"column":29},"end":{"line":186,"column":47}},"line":186},"21":{"name":"(anonymous_21)","decl":{"start":{"line":195,"column":31},"end":{"line":195,"column":32}},"loc":{"start":{"line":195,"column":48},"end":{"line":198,"column":1}},"line":195},"22":{"name":"(anonymous_22)","decl":{"start":{"line":200,"column":22},"end":{"line":200,"column":23}},"loc":{"start":{"line":200,"column":44},"end":{"line":209,"column":1}},"line":200},"23":{"name":"(anonymous_23)","decl":{"start":{"line":211,"column":21},"end":{"line":211,"column":22}},"loc":{"start":{"line":211,"column":35},"end":{"line":218,"column":1}},"line":211},"24":{"name":"(anonymous_24)","decl":{"start":{"line":227,"column":27},"end":{"line":227,"column":28}},"loc":{"start":{"line":227,"column":56},"end":{"line":231,"column":1}},"line":227},"25":{"name":"(anonymous_25)","decl":{"start":{"line":241,"column":33},"end":{"line":241,"column":34}},"loc":{"start":{"line":241,"column":70},"end":{"line":251,"column":1}},"line":241},"26":{"name":"(anonymous_26)","decl":{"start":{"line":245,"column":45},"end":{"line":245,"column":46}},"loc":{"start":{"line":245,"column":50},"end":{"line":245,"column":69}},"line":245},"27":{"name":"(anonymous_27)","decl":{"start":{"line":260,"column":24},"end":{"line":260,"column":25}},"loc":{"start":{"line":260,"column":62},"end":{"line":265,"column":1}},"line":260},"28":{"name":"(anonymous_28)","decl":{"start":{"line":276,"column":31},"end":{"line":276,"column":32}},"loc":{"start":{"line":276,"column":61},"end":{"line":276,"column":63}},"line":276}},"branchMap":{"0":{"loc":{"start":{"line":200,"column":31},"end":{"line":200,"column":43}},"type":"default-arg","locations":[{"start":{"line":200,"column":41},"end":{"line":200,"column":43}}],"line":200},"1":{"loc":{"start":{"line":202,"column":4},"end":{"line":202,"column":64}},"type":"if","locations":[{"start":{"line":202,"column":4},"end":{"line":202,"column":64}},{"start":{"line":202,"column":4},"end":{"line":202,"column":64}}],"line":202},"2":{"loc":{"start":{"line":203,"column":4},"end":{"line":203,"column":123}},"type":"if","locations":[{"start":{"line":203,"column":4},"end":{"line":203,"column":123}},{"start":{"line":203,"column":4},"end":{"line":203,"column":123}}],"line":203},"3":{"loc":{"start":{"line":203,"column":8},"end":{"line":203,"column":78}},"type":"binary-expr","locations":[{"start":{"line":203,"column":10},"end":{"line":203,"column":21}},{"start":{"line":203,"column":25},"end":{"line":203,"column":39}},{"start":{"line":203,"column":47},"end":{"line":203,"column":59}},{"start":{"line":203,"column":63},"end":{"line":203,"column":76}}],"line":203},"4":{"loc":{"start":{"line":204,"column":4},"end":{"line":204,"column":77}},"type":"if","locations":[{"start":{"line":204,"column":4},"end":{"line":204,"column":77}},{"start":{"line":204,"column":4},"end":{"line":204,"column":77}}],"line":204},"5":{"loc":{"start":{"line":204,"column":8},"end":{"line":204,"column":41}},"type":"binary-expr","locations":[{"start":{"line":204,"column":8},"end":{"line":204,"column":22}},{"start":{"line":204,"column":26},"end":{"line":204,"column":41}}],"line":204},"6":{"loc":{"start":{"line":206,"column":8},"end":{"line":206,"column":88}},"type":"if","locations":[{"start":{"line":206,"column":8},"end":{"line":206,"column":88}},{"start":{"line":206,"column":8},"end":{"line":206,"column":88}}],"line":206},"7":{"loc":{"start":{"line":212,"column":4},"end":{"line":217,"column":5}},"type":"if","locations":[{"start":{"line":212,"column":4},"end":{"line":217,"column":5}},{"start":{"line":212,"column":4},"end":{"line":217,"column":5}}],"line":212},"8":{"loc":{"start":{"line":227,"column":42},"end":{"line":227,"column":54}},"type":"default-arg","locations":[{"start":{"line":227,"column":52},"end":{"line":227,"column":54}}],"line":227},"9":{"loc":{"start":{"line":241,"column":56},"end":{"line":241,"column":68}},"type":"default-arg","locations":[{"start":{"line":241,"column":66},"end":{"line":241,"column":68}}],"line":241},"10":{"loc":{"start":{"line":243,"column":4},"end":{"line":250,"column":5}},"type":"if","locations":[{"start":{"line":243,"column":4},"end":{"line":250,"column":5}},{"start":{"line":243,"column":4},"end":{"line":250,"column":5}}],"line":243},"11":{"loc":{"start":{"line":260,"column":49},"end":{"line":260,"column":61}},"type":"default-arg","locations":[{"start":{"line":260,"column":59},"end":{"line":260,"column":61}}],"line":260},"12":{"loc":{"start":{"line":261,"column":4},"end":{"line":261,"column":101}},"type":"if","locations":[{"start":{"line":261,"column":4},"end":{"line":261,"column":101}},{"start":{"line":261,"column":4},"end":{"line":261,"column":101}}],"line":261},"13":{"loc":{"start":{"line":261,"column":9},"end":{"line":261,"column":40}},"type":"binary-expr","locations":[{"start":{"line":261,"column":9},"end":{"line":261,"column":23}},{"start":{"line":261,"column":27},"end":{"line":261,"column":40}}],"line":261},"14":{"loc":{"start":{"line":276,"column":47},"end":{"line":276,"column":59}},"type":"default-arg","locations":[{"start":{"line":276,"column":57},"end":{"line":276,"column":59}}],"line":276}},"s":{"0":1,"1":1,"2":1,"3":1,"4":1,"5":1,"6":1,"7":1,"8":1,"9":1,"10":1,"11":1,"12":1,"13":2,"14":2,"15":1,"16":1,"17":1,"18":341,"19":1,"20":1,"21":1,"22":1,"23":1,"24":1,"25":341,"26":1,"27":1,"28":1,"29":1,"30":341,"31":1,"32":1,"33":1,"34":1,"35":1,"36":2,"37":2,"38":1,"39":1,"40":1,"41":1,"42":5033,"43":1,"44":1,"45":1,"46":1,"47":1,"48":0,"49":0,"50":1,"51":1,"52":1,"53":73,"54":1,"55":1,"56":1,"57":73,"58":1,"59":1,"60":1,"61":1,"62":5,"63":5,"64":0,"65":5,"66":0,"67":5,"68":0,"69":5,"70":4,"71":0,"72":5,"73":1,"74":4,"75":2,"76":2,"77":2,"78":1,"79":2,"80":2,"81":2,"82":1,"83":2,"84":2,"85":0,"86":0,"87":0,"88":0,"89":2,"90":2,"91":1,"92":1,"93":0,"94":1,"95":1,"96":1,"97":1},"f":{"0":1,"1":1,"2":1,"3":1,"4":2,"5":1,"6":341,"7":1,"8":1,"9":341,"10":1,"11":341,"12":1,"13":2,"14":1,"15":1,"16":0,"17":1,"18":73,"19":1,"20":73,"21":1,"22":5,"23":4,"24":2,"25":2,"26":0,"27":1,"28":0},"b":{"0":[0],"1":[0,5],"2":[0,5],"3":[5,0,5,0],"4":[0,5],"5":[5,2],"6":[0,4],"7":[2,2],"8":[1],"9":[1],"10":[0,2],"11":[1],"12":[0,1],"13":[1,1],"14":[0]},"_coverageSchema":"43e27e138ebf9cfc5966b082cf9a028302ed4184","hash":"6b94008f293065d5696073f8f4df7368a62cf514"}
,"/home/fvhockney/laut/pubapi/src/query.js": {"path":"/home/fvhockney/laut/pubapi/src/query.js","statementMap":{"0":{"start":{"line":3,"column":21},"end":{"line":22,"column":1}},"1":{"start":{"line":4,"column":25},"end":{"line":4,"column":31}},"2":{"start":{"line":5,"column":20},"end":{"line":5,"column":24}},"3":{"start":{"line":6,"column":20},"end":{"line":6,"column":42}},"4":{"start":{"line":7,"column":4},"end":{"line":21,"column":5}},"5":{"start":{"line":8,"column":25},"end":{"line":15,"column":10}},"6":{"start":{"line":16,"column":21},"end":{"line":16,"column":40}},"7":{"start":{"line":17,"column":8},"end":{"line":17,"column":19}},"8":{"start":{"line":19,"column":8},"end":{"line":19,"column":24}},"9":{"start":{"line":20,"column":8},"end":{"line":20,"column":17}}},"fnMap":{"0":{"name":"(anonymous_0)","decl":{"start":{"line":3,"column":21},"end":{"line":3,"column":22}},"loc":{"start":{"line":3,"column":54},"end":{"line":22,"column":1}},"line":3}},"branchMap":{"0":{"loc":{"start":{"line":3,"column":41},"end":{"line":3,"column":52}},"type":"default-arg","locations":[{"start":{"line":3,"column":50},"end":{"line":3,"column":52}}],"line":3}},"s":{"0":2,"1":31,"2":31,"3":31,"4":31,"5":31,"6":31,"7":31,"8":0,"9":0},"f":{"0":31},"b":{"0":[26]},"_coverageSchema":"43e27e138ebf9cfc5966b082cf9a028302ed4184","hash":"2c44cd8d423ca519f00f9feec4b21d5020721fd0"}
,"/home/fvhockney/laut/pubapi/src/station.js": {"path":"/home/fvhockney/laut/pubapi/src/station.js","statementMap":{"0":{"start":{"line":10,"column":8},"end":{"line":10,"column":43}},"1":{"start":{"line":11,"column":8},"end":{"line":11,"column":25}},"2":{"start":{"line":15,"column":8},"end":{"line":15,"column":40}},"3":{"start":{"line":16,"column":8},"end":{"line":16,"column":19}},"4":{"start":{"line":25,"column":20},"end":{"line":25,"column":37}},"5":{"start":{"line":26,"column":8},"end":{"line":26,"column":31}},"6":{"start":{"line":35,"column":20},"end":{"line":35,"column":50}},"7":{"start":{"line":36,"column":8},"end":{"line":36,"column":31}},"8":{"start":{"line":45,"column":20},"end":{"line":45,"column":48}},"9":{"start":{"line":46,"column":8},"end":{"line":46,"column":31}},"10":{"start":{"line":55,"column":20},"end":{"line":55,"column":46}},"11":{"start":{"line":56,"column":8},"end":{"line":56,"column":31}},"12":{"start":{"line":65,"column":20},"end":{"line":65,"column":47}},"13":{"start":{"line":66,"column":8},"end":{"line":66,"column":31}},"14":{"start":{"line":75,"column":20},"end":{"line":75,"column":47}},"15":{"start":{"line":76,"column":8},"end":{"line":76,"column":31}},"16":{"start":{"line":85,"column":20},"end":{"line":85,"column":50}},"17":{"start":{"line":86,"column":21},"end":{"line":86,"column":37}},"18":{"start":{"line":87,"column":8},"end":{"line":87,"column":51}},"19":{"start":{"line":87,"column":33},"end":{"line":87,"column":49}},"20":{"start":{"line":98,"column":24},"end":{"line":98,"column":65}},"21":{"start":{"line":108,"column":8},"end":{"line":136,"column":9}},"22":{"start":{"line":110,"column":12},"end":{"line":123,"column":13}},"23":{"start":{"line":112,"column":20},"end":{"line":112,"column":60}},"24":{"start":{"line":113,"column":20},"end":{"line":113,"column":26}},"25":{"start":{"line":115,"column":20},"end":{"line":115,"column":62}},"26":{"start":{"line":116,"column":20},"end":{"line":116,"column":26}},"27":{"start":{"line":118,"column":20},"end":{"line":118,"column":62}},"28":{"start":{"line":119,"column":20},"end":{"line":119,"column":26}},"29":{"start":{"line":121,"column":20},"end":{"line":121,"column":54}},"30":{"start":{"line":122,"column":20},"end":{"line":122,"column":26}},"31":{"start":{"line":125,"column":12},"end":{"line":135,"column":13}},"32":{"start":{"line":127,"column":20},"end":{"line":127,"column":66}},"33":{"start":{"line":128,"column":20},"end":{"line":128,"column":26}},"34":{"start":{"line":130,"column":20},"end":{"line":130,"column":66}},"35":{"start":{"line":131,"column":20},"end":{"line":131,"column":26}},"36":{"start":{"line":133,"column":20},"end":{"line":133,"column":50}},"37":{"start":{"line":134,"column":20},"end":{"line":134,"column":26}},"38":{"start":{"line":143,"column":17},"end":{"line":143,"column":41}},"39":{"start":{"line":149,"column":24},"end":{"line":149,"column":56}},"40":{"start":{"line":155,"column":20},"end":{"line":155,"column":48}},"41":{"start":{"line":161,"column":22},"end":{"line":161,"column":52}},"42":{"start":{"line":167,"column":19},"end":{"line":167,"column":45}},"43":{"start":{"line":173,"column":24},"end":{"line":173,"column":55}},"44":{"start":{"line":179,"column":16},"end":{"line":179,"column":39}},"45":{"start":{"line":185,"column":21},"end":{"line":185,"column":49}},"46":{"start":{"line":192,"column":20},"end":{"line":192,"column":36}},"47":{"start":{"line":193,"column":20},"end":{"line":193,"column":36}},"48":{"start":{"line":194,"column":8},"end":{"line":194,"column":24}},"49":{"start":{"line":201,"column":18},"end":{"line":201,"column":43}},"50":{"start":{"line":207,"column":22},"end":{"line":207,"column":52}},"51":{"start":{"line":213,"column":19},"end":{"line":213,"column":45}},"52":{"start":{"line":219,"column":19},"end":{"line":219,"column":45}},"53":{"start":{"line":225,"column":22},"end":{"line":225,"column":73}},"54":{"start":{"line":231,"column":27},"end":{"line":231,"column":83}},"55":{"start":{"line":237,"column":21},"end":{"line":237,"column":68}},"56":{"start":{"line":243,"column":23},"end":{"line":243,"column":68}},"57":{"start":{"line":249,"column":24},"end":{"line":249,"column":70}},"58":{"start":{"line":255,"column":20},"end":{"line":255,"column":65}},"59":{"start":{"line":261,"column":25},"end":{"line":261,"column":72}},"60":{"start":{"line":267,"column":23},"end":{"line":267,"column":68}},"61":{"start":{"line":273,"column":19},"end":{"line":273,"column":45}},"62":{"start":{"line":281,"column":28},"end":{"line":281,"column":64}},"63":{"start":{"line":287,"column":25},"end":{"line":287,"column":59}},"64":{"start":{"line":293,"column":23},"end":{"line":293,"column":54}},"65":{"start":{"line":299,"column":21},"end":{"line":299,"column":49}},"66":{"start":{"line":302,"column":8},"end":{"line":302,"column":25}}},"fnMap":{"0":{"name":"(anonymous_0)","decl":{"start":{"line":9,"column":4},"end":{"line":9,"column":5}},"loc":{"start":{"line":9,"column":25},"end":{"line":12,"column":5}},"line":9},"1":{"name":"(anonymous_1)","decl":{"start":{"line":14,"column":4},"end":{"line":14,"column":5}},"loc":{"start":{"line":14,"column":17},"end":{"line":17,"column":5}},"line":14},"2":{"name":"(anonymous_2)","decl":{"start":{"line":24,"column":4},"end":{"line":24,"column":5}},"loc":{"start":{"line":24,"column":17},"end":{"line":27,"column":5}},"line":24},"3":{"name":"(anonymous_3)","decl":{"start":{"line":34,"column":4},"end":{"line":34,"column":5}},"loc":{"start":{"line":34,"column":24},"end":{"line":37,"column":5}},"line":34},"4":{"name":"(anonymous_4)","decl":{"start":{"line":44,"column":4},"end":{"line":44,"column":5}},"loc":{"start":{"line":44,"column":21},"end":{"line":47,"column":5}},"line":44},"5":{"name":"(anonymous_5)","decl":{"start":{"line":54,"column":4},"end":{"line":54,"column":5}},"loc":{"start":{"line":54,"column":21},"end":{"line":57,"column":5}},"line":54},"6":{"name":"(anonymous_6)","decl":{"start":{"line":64,"column":4},"end":{"line":64,"column":5}},"loc":{"start":{"line":64,"column":22},"end":{"line":67,"column":5}},"line":64},"7":{"name":"(anonymous_7)","decl":{"start":{"line":74,"column":4},"end":{"line":74,"column":5}},"loc":{"start":{"line":74,"column":22},"end":{"line":77,"column":5}},"line":74},"8":{"name":"(anonymous_8)","decl":{"start":{"line":84,"column":4},"end":{"line":84,"column":5}},"loc":{"start":{"line":84,"column":24},"end":{"line":88,"column":5}},"line":84},"9":{"name":"(anonymous_9)","decl":{"start":{"line":87,"column":25},"end":{"line":87,"column":26}},"loc":{"start":{"line":87,"column":33},"end":{"line":87,"column":49}},"line":87},"10":{"name":"(anonymous_10)","decl":{"start":{"line":98,"column":4},"end":{"line":98,"column":5}},"loc":{"start":{"line":98,"column":22},"end":{"line":98,"column":67}},"line":98},"11":{"name":"(anonymous_11)","decl":{"start":{"line":107,"column":4},"end":{"line":107,"column":5}},"loc":{"start":{"line":107,"column":35},"end":{"line":137,"column":5}},"line":107},"12":{"name":"(anonymous_12)","decl":{"start":{"line":143,"column":4},"end":{"line":143,"column":5}},"loc":{"start":{"line":143,"column":15},"end":{"line":143,"column":43}},"line":143},"13":{"name":"(anonymous_13)","decl":{"start":{"line":149,"column":4},"end":{"line":149,"column":5}},"loc":{"start":{"line":149,"column":22},"end":{"line":149,"column":58}},"line":149},"14":{"name":"(anonymous_14)","decl":{"start":{"line":155,"column":4},"end":{"line":155,"column":5}},"loc":{"start":{"line":155,"column":18},"end":{"line":155,"column":50}},"line":155},"15":{"name":"(anonymous_15)","decl":{"start":{"line":161,"column":4},"end":{"line":161,"column":5}},"loc":{"start":{"line":161,"column":20},"end":{"line":161,"column":54}},"line":161},"16":{"name":"(anonymous_16)","decl":{"start":{"line":167,"column":4},"end":{"line":167,"column":5}},"loc":{"start":{"line":167,"column":17},"end":{"line":167,"column":47}},"line":167},"17":{"name":"(anonymous_17)","decl":{"start":{"line":173,"column":4},"end":{"line":173,"column":5}},"loc":{"start":{"line":173,"column":22},"end":{"line":173,"column":57}},"line":173},"18":{"name":"(anonymous_18)","decl":{"start":{"line":179,"column":4},"end":{"line":179,"column":5}},"loc":{"start":{"line":179,"column":14},"end":{"line":179,"column":41}},"line":179},"19":{"name":"(anonymous_19)","decl":{"start":{"line":185,"column":4},"end":{"line":185,"column":5}},"loc":{"start":{"line":185,"column":19},"end":{"line":185,"column":51}},"line":185},"20":{"name":"(anonymous_20)","decl":{"start":{"line":191,"column":4},"end":{"line":191,"column":5}},"loc":{"start":{"line":191,"column":18},"end":{"line":195,"column":5}},"line":191},"21":{"name":"(anonymous_21)","decl":{"start":{"line":201,"column":4},"end":{"line":201,"column":5}},"loc":{"start":{"line":201,"column":16},"end":{"line":201,"column":45}},"line":201},"22":{"name":"(anonymous_22)","decl":{"start":{"line":207,"column":4},"end":{"line":207,"column":5}},"loc":{"start":{"line":207,"column":20},"end":{"line":207,"column":54}},"line":207},"23":{"name":"(anonymous_23)","decl":{"start":{"line":213,"column":4},"end":{"line":213,"column":5}},"loc":{"start":{"line":213,"column":17},"end":{"line":213,"column":47}},"line":213},"24":{"name":"(anonymous_24)","decl":{"start":{"line":219,"column":4},"end":{"line":219,"column":5}},"loc":{"start":{"line":219,"column":17},"end":{"line":219,"column":47}},"line":219},"25":{"name":"(anonymous_25)","decl":{"start":{"line":225,"column":4},"end":{"line":225,"column":5}},"loc":{"start":{"line":225,"column":20},"end":{"line":225,"column":75}},"line":225},"26":{"name":"(anonymous_26)","decl":{"start":{"line":231,"column":4},"end":{"line":231,"column":5}},"loc":{"start":{"line":231,"column":25},"end":{"line":231,"column":85}},"line":231},"27":{"name":"(anonymous_27)","decl":{"start":{"line":237,"column":4},"end":{"line":237,"column":5}},"loc":{"start":{"line":237,"column":19},"end":{"line":237,"column":70}},"line":237},"28":{"name":"(anonymous_28)","decl":{"start":{"line":243,"column":4},"end":{"line":243,"column":5}},"loc":{"start":{"line":243,"column":21},"end":{"line":243,"column":70}},"line":243},"29":{"name":"(anonymous_29)","decl":{"start":{"line":249,"column":4},"end":{"line":249,"column":5}},"loc":{"start":{"line":249,"column":22},"end":{"line":249,"column":72}},"line":249},"30":{"name":"(anonymous_30)","decl":{"start":{"line":255,"column":4},"end":{"line":255,"column":5}},"loc":{"start":{"line":255,"column":18},"end":{"line":255,"column":67}},"line":255},"31":{"name":"(anonymous_31)","decl":{"start":{"line":261,"column":4},"end":{"line":261,"column":5}},"loc":{"start":{"line":261,"column":23},"end":{"line":261,"column":74}},"line":261},"32":{"name":"(anonymous_32)","decl":{"start":{"line":267,"column":4},"end":{"line":267,"column":5}},"loc":{"start":{"line":267,"column":21},"end":{"line":267,"column":70}},"line":267},"33":{"name":"(anonymous_33)","decl":{"start":{"line":273,"column":4},"end":{"line":273,"column":5}},"loc":{"start":{"line":273,"column":17},"end":{"line":273,"column":47}},"line":273},"34":{"name":"(anonymous_34)","decl":{"start":{"line":281,"column":4},"end":{"line":281,"column":5}},"loc":{"start":{"line":281,"column":26},"end":{"line":281,"column":66}},"line":281},"35":{"name":"(anonymous_35)","decl":{"start":{"line":287,"column":4},"end":{"line":287,"column":5}},"loc":{"start":{"line":287,"column":23},"end":{"line":287,"column":61}},"line":287},"36":{"name":"(anonymous_36)","decl":{"start":{"line":293,"column":4},"end":{"line":293,"column":5}},"loc":{"start":{"line":293,"column":21},"end":{"line":293,"column":56}},"line":293},"37":{"name":"(anonymous_37)","decl":{"start":{"line":299,"column":4},"end":{"line":299,"column":5}},"loc":{"start":{"line":299,"column":19},"end":{"line":299,"column":51}},"line":299},"38":{"name":"(anonymous_38)","decl":{"start":{"line":301,"column":4},"end":{"line":301,"column":5}},"loc":{"start":{"line":301,"column":26},"end":{"line":303,"column":5}},"line":301}},"branchMap":{"0":{"loc":{"start":{"line":107,"column":23},"end":{"line":107,"column":32}},"type":"default-arg","locations":[{"start":{"line":107,"column":30},"end":{"line":107,"column":32}}],"line":107},"1":{"loc":{"start":{"line":108,"column":8},"end":{"line":136,"column":9}},"type":"switch","locations":[{"start":{"line":109,"column":12},"end":{"line":123,"column":13}},{"start":{"line":124,"column":12},"end":{"line":135,"column":13}}],"line":108},"2":{"loc":{"start":{"line":110,"column":12},"end":{"line":123,"column":13}},"type":"switch","locations":[{"start":{"line":111,"column":16},"end":{"line":113,"column":26}},{"start":{"line":114,"column":16},"end":{"line":116,"column":26}},{"start":{"line":117,"column":16},"end":{"line":119,"column":26}},{"start":{"line":120,"column":16},"end":{"line":122,"column":26}}],"line":110},"3":{"loc":{"start":{"line":125,"column":12},"end":{"line":135,"column":13}},"type":"switch","locations":[{"start":{"line":126,"column":16},"end":{"line":128,"column":26}},{"start":{"line":129,"column":16},"end":{"line":131,"column":26}},{"start":{"line":132,"column":16},"end":{"line":134,"column":26}}],"line":125}},"s":{"0":2,"1":2,"2":1,"3":1,"4":2,"5":2,"6":1,"7":1,"8":1,"9":1,"10":1,"11":1,"12":1,"13":1,"14":1,"15":1,"16":1,"17":1,"18":1,"19":3,"20":0,"21":0,"22":0,"23":0,"24":0,"25":0,"26":0,"27":0,"28":0,"29":0,"30":0,"31":0,"32":0,"33":0,"34":0,"35":0,"36":0,"37":0,"38":1,"39":0,"40":0,"41":0,"42":0,"43":0,"44":0,"45":0,"46":0,"47":0,"48":0,"49":0,"50":0,"51":0,"52":0,"53":0,"54":0,"55":0,"56":0,"57":0,"58":0,"59":0,"60":0,"61":0,"62":0,"63":0,"64":0,"65":1,"66":0},"f":{"0":2,"1":1,"2":2,"3":1,"4":1,"5":1,"6":1,"7":1,"8":1,"9":3,"10":0,"11":0,"12":1,"13":0,"14":0,"15":0,"16":0,"17":0,"18":0,"19":0,"20":0,"21":0,"22":0,"23":0,"24":0,"25":0,"26":0,"27":0,"28":0,"29":0,"30":0,"31":0,"32":0,"33":0,"34":0,"35":0,"36":0,"37":1,"38":0},"b":{"0":[0],"1":[0,0],"2":[0,0,0,0],"3":[0,0,0]},"_coverageSchema":"43e27e138ebf9cfc5966b082cf9a028302ed4184","hash":"73d0681ce39a45e49dad02a2a6e6706f84141f41"}
,"/home/fvhockney/laut/pubapi/tests/data/einsHayom.js": {"path":"/home/fvhockney/laut/pubapi/tests/data/einsHayom.js","statementMap":{"0":{"start":{"line":1,"column":25},"end":{"line":4,"column":1}}},"fnMap":{},"branchMap":{},"s":{"0":1},"f":{},"b":{},"_coverageSchema":"43e27e138ebf9cfc5966b082cf9a028302ed4184","hash":"7eb570b14e54a2678e97bd93e48209fdf3f744ef"}
,"/home/fvhockney/laut/pubapi/tests/data/genres.js": {"path":"/home/fvhockney/laut/pubapi/tests/data/genres.js","statementMap":{"0":{"start":{"line":1,"column":22},"end":{"line":1,"column":20730}}},"fnMap":{},"branchMap":{},"s":{"0":1},"f":{},"b":{},"_coverageSchema":"43e27e138ebf9cfc5966b082cf9a028302ed4184","hash":"bcdcaa27eb37106b05d015318e6b4a6cd6f18414"}
,"/home/fvhockney/laut/pubapi/tests/data/letters.js": {"path":"/home/fvhockney/laut/pubapi/tests/data/letters.js","statementMap":{"0":{"start":{"line":1,"column":23},"end":{"line":1,"column":144}}},"fnMap":{},"branchMap":{},"s":{"0":1},"f":{},"b":{},"_coverageSchema":"43e27e138ebf9cfc5966b082cf9a028302ed4184","hash":"67dd7a478a10128a34989ad79230e7b8ba062fab"}
,"/home/fvhockney/laut/pubapi/tests/data/listeners.js": {"path":"/home/fvhockney/laut/pubapi/tests/data/listeners.js","statementMap":{"0":{"start":{"line":1,"column":25},"end":{"line":1,"column":81122}}},"fnMap":{},"branchMap":{},"s":{"0":1},"f":{},"b":{},"_coverageSchema":"43e27e138ebf9cfc5966b082cf9a028302ed4184","hash":"9f92db798b8fd1e099d5d23f44147a787459b90a"}
,"/home/fvhockney/laut/pubapi/tests/data/liveStations.js": {"path":"/home/fvhockney/laut/pubapi/tests/data/liveStations.js","statementMap":{"0":{"start":{"line":1,"column":28},"end":{"line":75,"column":1}}},"fnMap":{},"branchMap":{},"s":{"0":1},"f":{},"b":{},"_coverageSchema":"43e27e138ebf9cfc5966b082cf9a028302ed4184","hash":"52d84c7bfc67ab366cf289ad32676f41fe72c25f"}
,"/home/fvhockney/laut/pubapi/tests/data/serverStatus.js": {"path":"/home/fvhockney/laut/pubapi/tests/data/serverStatus.js","statementMap":{"0":{"start":{"line":1,"column":28},"end":{"line":1,"column":91}}},"fnMap":{},"branchMap":{},"s":{"0":1},"f":{},"b":{},"_coverageSchema":"43e27e138ebf9cfc5966b082cf9a028302ed4184","hash":"64ffb04dce657ba067b681456af724a86c340734"}
,"/home/fvhockney/laut/pubapi/tests/data/stationNames.js": {"path":"/home/fvhockney/laut/pubapi/tests/data/stationNames.js","statementMap":{"0":{"start":{"line":1,"column":28},"end":{"line":1,"column":70748}}},"fnMap":{},"branchMap":{},"s":{"0":1},"f":{},"b":{},"_coverageSchema":"43e27e138ebf9cfc5966b082cf9a028302ed4184","hash":"fa3f7e89b94cc282a1b2fffc36e30f63ebf2ede1"}
,"/home/fvhockney/laut/pubapi/tests/data/stations.js": {"path":"/home/fvhockney/laut/pubapi/tests/data/stations.js","statementMap":{"0":{"start":{"line":1,"column":24},"end":{"line":2209,"column":1}}},"fnMap":{},"branchMap":{},"s":{"0":1},"f":{},"b":{},"_coverageSchema":"43e27e138ebf9cfc5966b082cf9a028302ed4184","hash":"cba91ea08f22802d2f465a2cfe1d5abda2cab379"}
,"/home/fvhockney/laut/pubapi/tests/data/stationsEOffset.js": {"path":"/home/fvhockney/laut/pubapi/tests/data/stationsEOffset.js","statementMap":{"0":{"start":{"line":1,"column":31},"end":{"line":509,"column":1}}},"fnMap":{},"branchMap":{},"s":{"0":1},"f":{},"b":{},"_coverageSchema":"43e27e138ebf9cfc5966b082cf9a028302ed4184","hash":"b1145562aba64ba428a5af3ec7689ef5a048fb40"}
,"/home/fvhockney/laut/pubapi/tests/data/stationsOffset.js": {"path":"/home/fvhockney/laut/pubapi/tests/data/stationsOffset.js","statementMap":{"0":{"start":{"line":1,"column":30},"end":{"line":576,"column":1}}},"fnMap":{},"branchMap":{},"s":{"0":1},"f":{},"b":{},"_coverageSchema":"43e27e138ebf9cfc5966b082cf9a028302ed4184","hash":"eec6154b6509d6f712fb1a4cf193ad3ace0e04f8"}
,"/home/fvhockney/laut/pubapi/tests/data/stationsStartNumbers.js": {"path":"/home/fvhockney/laut/pubapi/tests/data/stationsStartNumbers.js","statementMap":{"0":{"start":{"line":1,"column":36},"end":{"line":167,"column":1}}},"fnMap":{},"branchMap":{},"s":{"0":1},"f":{},"b":{},"_coverageSchema":"43e27e138ebf9cfc5966b082cf9a028302ed4184","hash":"6a4c822414081ce020f3af4b7446efcda7db792d"}
,"/home/fvhockney/laut/pubapi/tests/data/stationsStartW.js": {"path":"/home/fvhockney/laut/pubapi/tests/data/stationsStartW.js","statementMap":{"0":{"start":{"line":1,"column":30},"end":{"line":93,"column":1}}},"fnMap":{},"branchMap":{},"s":{"0":1},"f":{},"b":{},"_coverageSchema":"43e27e138ebf9cfc5966b082cf9a028302ed4184","hash":"64b487cd54e504f27fbe98acc8237e6c6b3c7494"}
,"/home/fvhockney/laut/pubapi/tests/data/time.js": {"path":"/home/fvhockney/laut/pubapi/tests/data/time.js","statementMap":{"0":{"start":{"line":1,"column":20},"end":{"line":1,"column":47}}},"fnMap":{},"branchMap":{},"s":{"0":1},"f":{},"b":{},"_coverageSchema":"43e27e138ebf9cfc5966b082cf9a028302ed4184","hash":"c8c761d26bf9980a06b7b7d2a8bd93ec8c4d798f"}
,"/home/fvhockney/laut/pubapi/tests/data/Eins/currentSong.js": {"path":"/home/fvhockney/laut/pubapi/tests/data/Eins/currentSong.js","statementMap":{"0":{"start":{"line":1,"column":27},"end":{"line":20,"column":1}}},"fnMap":{},"branchMap":{},"s":{"0":1},"f":{},"b":{},"_coverageSchema":"43e27e138ebf9cfc5966b082cf9a028302ed4184","hash":"495ec82ea3f150b171935265c16c1bb67163af3e"}
,"/home/fvhockney/laut/pubapi/tests/data/Eins/eins.js": {"path":"/home/fvhockney/laut/pubapi/tests/data/Eins/eins.js","statementMap":{"0":{"start":{"line":1,"column":20},"end":{"line":122,"column":1}}},"fnMap":{},"branchMap":{},"s":{"0":1},"f":{},"b":{},"_coverageSchema":"43e27e138ebf9cfc5966b082cf9a028302ed4184","hash":"b1f61e8186828e7b1425168c5e23330ef5510e05"}
,"/home/fvhockney/laut/pubapi/tests/data/Eins/lastSongs.js": {"path":"/home/fvhockney/laut/pubapi/tests/data/Eins/lastSongs.js","statementMap":{"0":{"start":{"line":1,"column":25},"end":{"line":187,"column":1}}},"fnMap":{},"branchMap":{},"s":{"0":1},"f":{},"b":{},"_coverageSchema":"43e27e138ebf9cfc5966b082cf9a028302ed4184","hash":"9bea45dee14ed35c1fd864ba13b22b9b2b2fe96b"}
,"/home/fvhockney/laut/pubapi/tests/data/Eins/listeners.js": {"path":"/home/fvhockney/laut/pubapi/tests/data/Eins/listeners.js","statementMap":{"0":{"start":{"line":1,"column":25},"end":{"line":1,"column":27}}},"fnMap":{},"branchMap":{},"s":{"0":1},"f":{},"b":{},"_coverageSchema":"43e27e138ebf9cfc5966b082cf9a028302ed4184","hash":"f614cfcd24eb3837470688781ddf4c6a9b23d8cd"}
,"/home/fvhockney/laut/pubapi/tests/data/Eins/nextArtists.js": {"path":"/home/fvhockney/laut/pubapi/tests/data/Eins/nextArtists.js","statementMap":{"0":{"start":{"line":1,"column":27},"end":{"line":17,"column":1}}},"fnMap":{},"branchMap":{},"s":{"0":1},"f":{},"b":{},"_coverageSchema":"43e27e138ebf9cfc5966b082cf9a028302ed4184","hash":"86fff58b3cc09d371dc03b119e1f15eed4f77e16"}
,"/home/fvhockney/laut/pubapi/tests/data/Eins/playlists.js": {"path":"/home/fvhockney/laut/pubapi/tests/data/Eins/playlists.js","statementMap":{"0":{"start":{"line":1,"column":25},"end":{"line":45,"column":1}}},"fnMap":{},"branchMap":{},"s":{"0":1},"f":{},"b":{},"_coverageSchema":"43e27e138ebf9cfc5966b082cf9a028302ed4184","hash":"a5040302d69c5c25f22a276e3b1f96a0098f8e04"}
,"/home/fvhockney/laut/pubapi/tests/data/Eins/schedule.js": {"path":"/home/fvhockney/laut/pubapi/tests/data/Eins/schedule.js","statementMap":{"0":{"start":{"line":1,"column":24},"end":{"line":57,"column":1}}},"fnMap":{},"branchMap":{},"s":{"0":1},"f":{},"b":{},"_coverageSchema":"43e27e138ebf9cfc5966b082cf9a028302ed4184","hash":"d9d63fdee65655dac7d74c7e823b2209669b0156"}
}
