{"/mnt/laut/owner/packages/js_pubapi/src/api.ts": {"path":"/mnt/laut/owner/packages/js_pubapi/src/api.ts","statementMap":{"0":{"start":{"line":10,"column":31},"end":{"line":13,"column":1}},"1":{"start":{"line":11,"column":17},"end":{"line":11,"column":45}},"2":{"start":{"line":12,"column":4},"end":{"line":12,"column":23}},"3":{"start":{"line":20,"column":28},"end":{"line":23,"column":1}},"4":{"start":{"line":21,"column":17},"end":{"line":21,"column":45}},"5":{"start":{"line":22,"column":4},"end":{"line":22,"column":15}},"6":{"start":{"line":31,"column":26},"end":{"line":34,"column":1}},"7":{"start":{"line":32,"column":17},"end":{"line":32,"column":36}},"8":{"start":{"line":33,"column":4},"end":{"line":33,"column":15}},"9":{"start":{"line":42,"column":23},"end":{"line":45,"column":1}},"10":{"start":{"line":43,"column":17},"end":{"line":43,"column":39}},"11":{"start":{"line":44,"column":4},"end":{"line":44,"column":15}},"12":{"start":{"line":54,"column":25},"end":{"line":57,"column":1}},"13":{"start":{"line":55,"column":17},"end":{"line":55,"column":39}},"14":{"start":{"line":56,"column":4},"end":{"line":56,"column":38}},"15":{"start":{"line":65,"column":22},"end":{"line":68,"column":1}},"16":{"start":{"line":66,"column":17},"end":{"line":66,"column":38}},"17":{"start":{"line":67,"column":4},"end":{"line":67,"column":47}},"18":{"start":{"line":67,"column":39},"end":{"line":67,"column":45}},"19":{"start":{"line":76,"column":25},"end":{"line":79,"column":1}},"20":{"start":{"line":77,"column":17},"end":{"line":77,"column":38}},"21":{"start":{"line":78,"column":4},"end":{"line":78,"column":15}},"22":{"start":{"line":88,"column":21},"end":{"line":92,"column":1}},"23":{"start":{"line":89,"column":17},"end":{"line":89,"column":38}},"24":{"start":{"line":90,"column":19},"end":{"line":90,"column":68}},"25":{"start":{"line":90,"column":50},"end":{"line":90,"column":66}},"26":{"start":{"line":91,"column":4},"end":{"line":91,"column":20}},"27":{"start":{"line":100,"column":29},"end":{"line":104,"column":1}},"28":{"start":{"line":101,"column":17},"end":{"line":101,"column":38}},"29":{"start":{"line":102,"column":19},"end":{"line":102,"column":68}},"30":{"start":{"line":102,"column":50},"end":{"line":102,"column":66}},"31":{"start":{"line":103,"column":4},"end":{"line":103,"column":28}},"32":{"start":{"line":112,"column":28},"end":{"line":115,"column":1}},"33":{"start":{"line":113,"column":17},"end":{"line":113,"column":45}},"34":{"start":{"line":114,"column":4},"end":{"line":114,"column":15}},"35":{"start":{"line":124,"column":26},"end":{"line":127,"column":1}},"36":{"start":{"line":125,"column":17},"end":{"line":125,"column":45}},"37":{"start":{"line":126,"column":4},"end":{"line":126,"column":39}},"38":{"start":{"line":135,"column":28},"end":{"line":142,"column":1}},"39":{"start":{"line":136,"column":17},"end":{"line":136,"column":41}},"40":{"start":{"line":137,"column":14},"end":{"line":137,"column":15}},"41":{"start":{"line":138,"column":4},"end":{"line":140,"column":5}},"42":{"start":{"line":139,"column":8},"end":{"line":139,"column":34}},"43":{"start":{"line":141,"column":4},"end":{"line":141,"column":14}},"44":{"start":{"line":151,"column":25},"end":{"line":154,"column":1}},"45":{"start":{"line":152,"column":17},"end":{"line":152,"column":41}},"46":{"start":{"line":153,"column":4},"end":{"line":153,"column":24}},"47":{"start":{"line":162,"column":31},"end":{"line":165,"column":1}},"48":{"start":{"line":163,"column":17},"end":{"line":163,"column":45}},"49":{"start":{"line":164,"column":4},"end":{"line":164,"column":15}},"50":{"start":{"line":173,"column":28},"end":{"line":176,"column":1}},"51":{"start":{"line":174,"column":17},"end":{"line":174,"column":45}},"52":{"start":{"line":175,"column":4},"end":{"line":175,"column":49}},"53":{"start":{"line":175,"column":41},"end":{"line":175,"column":47}},"54":{"start":{"line":185,"column":29},"end":{"line":188,"column":1}},"55":{"start":{"line":186,"column":17},"end":{"line":186,"column":45}},"56":{"start":{"line":187,"column":4},"end":{"line":187,"column":77}},"57":{"start":{"line":187,"column":44},"end":{"line":187,"column":62}},"58":{"start":{"line":196,"column":31},"end":{"line":199,"column":1}},"59":{"start":{"line":197,"column":17},"end":{"line":197,"column":45}},"60":{"start":{"line":198,"column":4},"end":{"line":198,"column":22}},"61":{"start":{"line":201,"column":22},"end":{"line":212,"column":1}},"62":{"start":{"line":202,"column":24},"end":{"line":202,"column":60}},"63":{"start":{"line":203,"column":37},"end":{"line":203,"column":39}},"64":{"start":{"line":204,"column":4},"end":{"line":204,"column":64}},"65":{"start":{"line":204,"column":41},"end":{"line":204,"column":62}},"66":{"start":{"line":205,"column":4},"end":{"line":205,"column":123}},"67":{"start":{"line":205,"column":83},"end":{"line":205,"column":121}},"68":{"start":{"line":206,"column":4},"end":{"line":210,"column":5}},"69":{"start":{"line":207,"column":8},"end":{"line":209,"column":9}},"70":{"start":{"line":208,"column":12},"end":{"line":208,"column":37}},"71":{"start":{"line":211,"column":4},"end":{"line":211,"column":16}},"72":{"start":{"line":232,"column":21},"end":{"line":239,"column":1}},"73":{"start":{"line":233,"column":4},"end":{"line":238,"column":5}},"74":{"start":{"line":234,"column":46},"end":{"line":234,"column":50}},"75":{"start":{"line":235,"column":8},"end":{"line":235,"column":37}},"76":{"start":{"line":237,"column":8},"end":{"line":237,"column":19}},"77":{"start":{"line":247,"column":27},"end":{"line":251,"column":1}},"78":{"start":{"line":248,"column":17},"end":{"line":248,"column":39}},"79":{"start":{"line":249,"column":17},"end":{"line":249,"column":46}},"80":{"start":{"line":250,"column":4},"end":{"line":250,"column":29}},"81":{"start":{"line":261,"column":33},"end":{"line":271,"column":1}},"82":{"start":{"line":262,"column":17},"end":{"line":262,"column":39}},"83":{"start":{"line":263,"column":4},"end":{"line":270,"column":5}},"84":{"start":{"line":264,"column":21},"end":{"line":264,"column":59}},"85":{"start":{"line":265,"column":32},"end":{"line":265,"column":86}},"86":{"start":{"line":265,"column":65},"end":{"line":265,"column":84}},"87":{"start":{"line":266,"column":8},"end":{"line":266,"column":44}},"88":{"start":{"line":268,"column":21},"end":{"line":268,"column":67}},"89":{"start":{"line":269,"column":8},"end":{"line":269,"column":33}},"90":{"start":{"line":280,"column":24},"end":{"line":285,"column":1}},"91":{"start":{"line":281,"column":4},"end":{"line":281,"column":101}},"92":{"start":{"line":281,"column":45},"end":{"line":281,"column":99}},"93":{"start":{"line":282,"column":17},"end":{"line":282,"column":39}},"94":{"start":{"line":283,"column":17},"end":{"line":283,"column":58}},"95":{"start":{"line":284,"column":4},"end":{"line":284,"column":15}},"96":{"start":{"line":294,"column":31},"end":{"line":298,"column":1}},"97":{"start":{"line":295,"column":17},"end":{"line":295,"column":39}},"98":{"start":{"line":296,"column":17},"end":{"line":296,"column":61}},"99":{"start":{"line":297,"column":4},"end":{"line":297,"column":29}}},"fnMap":{"0":{"name":"(anonymous_0)","decl":{"start":{"line":10,"column":31},"end":{"line":10,"column":32}},"loc":{"start":{"line":10,"column":66},"end":{"line":13,"column":1}},"line":10},"1":{"name":"(anonymous_1)","decl":{"start":{"line":20,"column":28},"end":{"line":20,"column":29}},"loc":{"start":{"line":20,"column":94},"end":{"line":23,"column":1}},"line":20},"2":{"name":"(anonymous_2)","decl":{"start":{"line":31,"column":26},"end":{"line":31,"column":27}},"loc":{"start":{"line":31,"column":60},"end":{"line":34,"column":1}},"line":31},"3":{"name":"(anonymous_3)","decl":{"start":{"line":42,"column":23},"end":{"line":42,"column":24}},"loc":{"start":{"line":42,"column":59},"end":{"line":45,"column":1}},"line":42},"4":{"name":"(anonymous_4)","decl":{"start":{"line":54,"column":25},"end":{"line":54,"column":26}},"loc":{"start":{"line":54,"column":74},"end":{"line":57,"column":1}},"line":54},"5":{"name":"(anonymous_5)","decl":{"start":{"line":65,"column":22},"end":{"line":65,"column":23}},"loc":{"start":{"line":65,"column":58},"end":{"line":68,"column":1}},"line":65},"6":{"name":"(anonymous_6)","decl":{"start":{"line":67,"column":21},"end":{"line":67,"column":22}},"loc":{"start":{"line":67,"column":39},"end":{"line":67,"column":45}},"line":67},"7":{"name":"(anonymous_7)","decl":{"start":{"line":76,"column":25},"end":{"line":76,"column":26}},"loc":{"start":{"line":76,"column":64},"end":{"line":79,"column":1}},"line":76},"8":{"name":"(anonymous_8)","decl":{"start":{"line":88,"column":21},"end":{"line":88,"column":22}},"loc":{"start":{"line":88,"column":71},"end":{"line":92,"column":1}},"line":88},"9":{"name":"(anonymous_9)","decl":{"start":{"line":90,"column":32},"end":{"line":90,"column":33}},"loc":{"start":{"line":90,"column":50},"end":{"line":90,"column":66}},"line":90},"10":{"name":"(anonymous_10)","decl":{"start":{"line":100,"column":29},"end":{"line":100,"column":30}},"loc":{"start":{"line":100,"column":78},"end":{"line":104,"column":1}},"line":100},"11":{"name":"(anonymous_11)","decl":{"start":{"line":102,"column":32},"end":{"line":102,"column":33}},"loc":{"start":{"line":102,"column":50},"end":{"line":102,"column":66}},"line":102},"12":{"name":"(anonymous_12)","decl":{"start":{"line":112,"column":28},"end":{"line":112,"column":29}},"loc":{"start":{"line":112,"column":64},"end":{"line":115,"column":1}},"line":112},"13":{"name":"(anonymous_13)","decl":{"start":{"line":124,"column":26},"end":{"line":124,"column":27}},"loc":{"start":{"line":124,"column":76},"end":{"line":127,"column":1}},"line":124},"14":{"name":"(anonymous_14)","decl":{"start":{"line":135,"column":28},"end":{"line":135,"column":29}},"loc":{"start":{"line":135,"column":62},"end":{"line":142,"column":1}},"line":135},"15":{"name":"(anonymous_15)","decl":{"start":{"line":151,"column":25},"end":{"line":151,"column":26}},"loc":{"start":{"line":151,"column":74},"end":{"line":154,"column":1}},"line":151},"16":{"name":"(anonymous_16)","decl":{"start":{"line":162,"column":31},"end":{"line":162,"column":32}},"loc":{"start":{"line":162,"column":72},"end":{"line":165,"column":1}},"line":162},"17":{"name":"(anonymous_17)","decl":{"start":{"line":173,"column":28},"end":{"line":173,"column":29}},"loc":{"start":{"line":173,"column":64},"end":{"line":176,"column":1}},"line":173},"18":{"name":"(anonymous_18)","decl":{"start":{"line":175,"column":21},"end":{"line":175,"column":22}},"loc":{"start":{"line":175,"column":41},"end":{"line":175,"column":47}},"line":175},"19":{"name":"(anonymous_19)","decl":{"start":{"line":185,"column":29},"end":{"line":185,"column":30}},"loc":{"start":{"line":185,"column":79},"end":{"line":188,"column":1}},"line":185},"20":{"name":"(anonymous_20)","decl":{"start":{"line":187,"column":24},"end":{"line":187,"column":25}},"loc":{"start":{"line":187,"column":44},"end":{"line":187,"column":62}},"line":187},"21":{"name":"(anonymous_21)","decl":{"start":{"line":196,"column":31},"end":{"line":196,"column":32}},"loc":{"start":{"line":196,"column":65},"end":{"line":199,"column":1}},"line":196},"22":{"name":"(anonymous_22)","decl":{"start":{"line":201,"column":22},"end":{"line":201,"column":23}},"loc":{"start":{"line":201,"column":91},"end":{"line":212,"column":1}},"line":201},"23":{"name":"(anonymous_23)","decl":{"start":{"line":232,"column":21},"end":{"line":232,"column":22}},"loc":{"start":{"line":232,"column":84},"end":{"line":239,"column":1}},"line":232},"24":{"name":"(anonymous_24)","decl":{"start":{"line":247,"column":27},"end":{"line":247,"column":28}},"loc":{"start":{"line":247,"column":100},"end":{"line":251,"column":1}},"line":247},"25":{"name":"(anonymous_25)","decl":{"start":{"line":261,"column":33},"end":{"line":261,"column":34}},"loc":{"start":{"line":261,"column":129},"end":{"line":271,"column":1}},"line":261},"26":{"name":"(anonymous_26)","decl":{"start":{"line":265,"column":45},"end":{"line":265,"column":46}},"loc":{"start":{"line":265,"column":65},"end":{"line":265,"column":84}},"line":265},"27":{"name":"(anonymous_27)","decl":{"start":{"line":280,"column":24},"end":{"line":280,"column":25}},"loc":{"start":{"line":280,"column":115},"end":{"line":285,"column":1}},"line":280},"28":{"name":"(anonymous_28)","decl":{"start":{"line":294,"column":31},"end":{"line":294,"column":32}},"loc":{"start":{"line":294,"column":119},"end":{"line":298,"column":1}},"line":294}},"branchMap":{"0":{"loc":{"start":{"line":201,"column":31},"end":{"line":201,"column":62}},"type":"default-arg","locations":[{"start":{"line":201,"column":60},"end":{"line":201,"column":62}}],"line":201},"1":{"loc":{"start":{"line":204,"column":4},"end":{"line":204,"column":64}},"type":"if","locations":[{"start":{"line":204,"column":4},"end":{"line":204,"column":64}},{"start":{"line":204,"column":4},"end":{"line":204,"column":64}}],"line":204},"2":{"loc":{"start":{"line":205,"column":4},"end":{"line":205,"column":123}},"type":"if","locations":[{"start":{"line":205,"column":4},"end":{"line":205,"column":123}},{"start":{"line":205,"column":4},"end":{"line":205,"column":123}}],"line":205},"3":{"loc":{"start":{"line":205,"column":8},"end":{"line":205,"column":78}},"type":"binary-expr","locations":[{"start":{"line":205,"column":10},"end":{"line":205,"column":21}},{"start":{"line":205,"column":25},"end":{"line":205,"column":39}},{"start":{"line":205,"column":47},"end":{"line":205,"column":59}},{"start":{"line":205,"column":63},"end":{"line":205,"column":76}}],"line":205},"4":{"loc":{"start":{"line":207,"column":8},"end":{"line":209,"column":9}},"type":"if","locations":[{"start":{"line":207,"column":8},"end":{"line":209,"column":9}},{"start":{"line":207,"column":8},"end":{"line":209,"column":9}}],"line":207},"5":{"loc":{"start":{"line":233,"column":4},"end":{"line":238,"column":5}},"type":"if","locations":[{"start":{"line":233,"column":4},"end":{"line":238,"column":5}},{"start":{"line":233,"column":4},"end":{"line":238,"column":5}}],"line":233},"6":{"loc":{"start":{"line":247,"column":42},"end":{"line":247,"column":73}},"type":"default-arg","locations":[{"start":{"line":247,"column":71},"end":{"line":247,"column":73}}],"line":247},"7":{"loc":{"start":{"line":261,"column":71},"end":{"line":261,"column":102}},"type":"default-arg","locations":[{"start":{"line":261,"column":100},"end":{"line":261,"column":102}}],"line":261},"8":{"loc":{"start":{"line":263,"column":4},"end":{"line":270,"column":5}},"type":"if","locations":[{"start":{"line":263,"column":4},"end":{"line":270,"column":5}},{"start":{"line":263,"column":4},"end":{"line":270,"column":5}}],"line":263},"9":{"loc":{"start":{"line":263,"column":8},"end":{"line":263,"column":54}},"type":"binary-expr","locations":[{"start":{"line":263,"column":8},"end":{"line":263,"column":34}},{"start":{"line":263,"column":38},"end":{"line":263,"column":54}}],"line":263},"10":{"loc":{"start":{"line":280,"column":59},"end":{"line":280,"column":90}},"type":"default-arg","locations":[{"start":{"line":280,"column":88},"end":{"line":280,"column":90}}],"line":280},"11":{"loc":{"start":{"line":281,"column":4},"end":{"line":281,"column":101}},"type":"if","locations":[{"start":{"line":281,"column":4},"end":{"line":281,"column":101}},{"start":{"line":281,"column":4},"end":{"line":281,"column":101}}],"line":281},"12":{"loc":{"start":{"line":281,"column":9},"end":{"line":281,"column":40}},"type":"binary-expr","locations":[{"start":{"line":281,"column":9},"end":{"line":281,"column":23}},{"start":{"line":281,"column":27},"end":{"line":281,"column":40}}],"line":281},"13":{"loc":{"start":{"line":294,"column":61},"end":{"line":294,"column":92}},"type":"default-arg","locations":[{"start":{"line":294,"column":90},"end":{"line":294,"column":92}}],"line":294}},"s":{"0":1,"1":1,"2":1,"3":1,"4":1,"5":1,"6":1,"7":1,"8":1,"9":1,"10":1,"11":1,"12":1,"13":2,"14":2,"15":1,"16":1,"17":1,"18":458,"19":1,"20":1,"21":1,"22":1,"23":1,"24":1,"25":458,"26":1,"27":1,"28":1,"29":1,"30":458,"31":1,"32":1,"33":1,"34":1,"35":1,"36":2,"37":2,"38":1,"39":1,"40":1,"41":1,"42":8020,"43":1,"44":1,"45":1,"46":1,"47":1,"48":1,"49":1,"50":1,"51":1,"52":1,"53":219,"54":1,"55":1,"56":1,"57":219,"58":1,"59":1,"60":1,"61":1,"62":5,"63":5,"64":5,"65":0,"66":5,"67":0,"68":5,"69":4,"70":4,"71":5,"72":1,"73":4,"74":2,"75":2,"76":2,"77":1,"78":2,"79":2,"80":2,"81":1,"82":2,"83":2,"84":0,"85":0,"86":0,"87":0,"88":2,"89":2,"90":1,"91":1,"92":0,"93":1,"94":1,"95":1,"96":1,"97":0,"98":0,"99":0},"f":{"0":1,"1":1,"2":1,"3":1,"4":2,"5":1,"6":458,"7":1,"8":1,"9":458,"10":1,"11":458,"12":1,"13":2,"14":1,"15":1,"16":1,"17":1,"18":219,"19":1,"20":219,"21":1,"22":5,"23":4,"24":2,"25":2,"26":0,"27":1,"28":0},"b":{"0":[0],"1":[0,5],"2":[0,5],"3":[5,0,5,0],"4":[4,0],"5":[2,2],"6":[1],"7":[1],"8":[0,2],"9":[2,2],"10":[1],"11":[0,1],"12":[1,1],"13":[0]},"_coverageSchema":"1a1c01bbd47fc00a2c39e90264f33305004495a9","hash":"e4d165b1c82999add7da1d5b3359cd80b0f20773"}
,"/mnt/laut/owner/packages/js_pubapi/src/query.ts": {"path":"/mnt/laut/owner/packages/js_pubapi/src/query.ts","statementMap":{"0":{"start":{"line":9,"column":17},"end":{"line":9,"column":39}},"1":{"start":{"line":12,"column":18},"end":{"line":12,"column":37}},"2":{"start":{"line":13,"column":22},"end":{"line":17,"column":10}},"3":{"start":{"line":14,"column":21},"end":{"line":14,"column":24}},"4":{"start":{"line":15,"column":8},"end":{"line":15,"column":37}},"5":{"start":{"line":15,"column":25},"end":{"line":15,"column":37}},"6":{"start":{"line":16,"column":8},"end":{"line":16,"column":55}},"7":{"start":{"line":18,"column":4},"end":{"line":18,"column":22}},"8":{"start":{"line":21,"column":21},"end":{"line":45,"column":1}},"9":{"start":{"line":22,"column":4},"end":{"line":44,"column":6}},"10":{"start":{"line":23,"column":20},"end":{"line":23,"column":40}},"11":{"start":{"line":24,"column":8},"end":{"line":24,"column":26}},"12":{"start":{"line":25,"column":8},"end":{"line":25,"column":33}},"13":{"start":{"line":26,"column":8},"end":{"line":28,"column":10}},"14":{"start":{"line":27,"column":12},"end":{"line":27,"column":29}},"15":{"start":{"line":29,"column":8},"end":{"line":34,"column":10}},"16":{"start":{"line":30,"column":25},"end":{"line":30,"column":35}},"17":{"start":{"line":31,"column":31},"end":{"line":31,"column":45}},"18":{"start":{"line":32,"column":24},"end":{"line":32,"column":39}},"19":{"start":{"line":33,"column":12},"end":{"line":33,"column":40}},"20":{"start":{"line":35,"column":8},"end":{"line":35,"column":67}},"21":{"start":{"line":35,"column":44},"end":{"line":35,"column":66}},"22":{"start":{"line":36,"column":8},"end":{"line":41,"column":10}},"23":{"start":{"line":37,"column":25},"end":{"line":37,"column":35}},"24":{"start":{"line":38,"column":31},"end":{"line":38,"column":45}},"25":{"start":{"line":39,"column":24},"end":{"line":39,"column":39}},"26":{"start":{"line":40,"column":12},"end":{"line":40,"column":40}},"27":{"start":{"line":42,"column":8},"end":{"line":42,"column":52}},"28":{"start":{"line":43,"column":8},"end":{"line":43,"column":18}}},"fnMap":{"0":{"name":"qs","decl":{"start":{"line":11,"column":9},"end":{"line":11,"column":11}},"loc":{"start":{"line":11,"column":47},"end":{"line":19,"column":1}},"line":11},"1":{"name":"(anonymous_1)","decl":{"start":{"line":13,"column":36},"end":{"line":13,"column":37}},"loc":{"start":{"line":13,"column":58},"end":{"line":17,"column":5}},"line":13},"2":{"name":"(anonymous_2)","decl":{"start":{"line":21,"column":21},"end":{"line":21,"column":22}},"loc":{"start":{"line":21,"column":89},"end":{"line":45,"column":1}},"line":21},"3":{"name":"(anonymous_3)","decl":{"start":{"line":22,"column":24},"end":{"line":22,"column":25}},"loc":{"start":{"line":22,"column":38},"end":{"line":44,"column":5}},"line":22},"4":{"name":"(anonymous_4)","decl":{"start":{"line":26,"column":37},"end":{"line":26,"column":38}},"loc":{"start":{"line":26,"column":43},"end":{"line":28,"column":9}},"line":26},"5":{"name":"(anonymous_5)","decl":{"start":{"line":29,"column":38},"end":{"line":29,"column":39}},"loc":{"start":{"line":29,"column":44},"end":{"line":34,"column":9}},"line":29},"6":{"name":"(anonymous_6)","decl":{"start":{"line":35,"column":38},"end":{"line":35,"column":39}},"loc":{"start":{"line":35,"column":44},"end":{"line":35,"column":66}},"line":35},"7":{"name":"(anonymous_7)","decl":{"start":{"line":36,"column":40},"end":{"line":36,"column":41}},"loc":{"start":{"line":36,"column":46},"end":{"line":41,"column":9}},"line":36}},"branchMap":{"0":{"loc":{"start":{"line":15,"column":8},"end":{"line":15,"column":37}},"type":"if","locations":[{"start":{"line":15,"column":8},"end":{"line":15,"column":37}},{"start":{"line":15,"column":8},"end":{"line":15,"column":37}}],"line":15},"1":{"loc":{"start":{"line":21,"column":43},"end":{"line":21,"column":73}},"type":"default-arg","locations":[{"start":{"line":21,"column":71},"end":{"line":21,"column":73}}],"line":21}},"s":{"0":2,"1":57,"2":57,"3":4,"4":4,"5":2,"6":4,"7":57,"8":2,"9":57,"10":57,"11":57,"12":57,"13":57,"14":57,"15":57,"16":0,"17":0,"18":0,"19":0,"20":57,"21":0,"22":57,"23":0,"24":0,"25":0,"26":0,"27":57,"28":57},"f":{"0":57,"1":4,"2":57,"3":57,"4":57,"5":0,"6":0,"7":0},"b":{"0":[2,2],"1":[52]},"_coverageSchema":"1a1c01bbd47fc00a2c39e90264f33305004495a9","hash":"a7092d7c2cc7044136dc25bf348a41e59f8e2b4a"}
,"/mnt/laut/owner/packages/js_pubapi/src/station.ts": {"path":"/mnt/laut/owner/packages/js_pubapi/src/station.ts","statementMap":{"0":{"start":{"line":21,"column":8},"end":{"line":21,"column":43}},"1":{"start":{"line":22,"column":8},"end":{"line":22,"column":32}},"2":{"start":{"line":26,"column":8},"end":{"line":26,"column":40}},"3":{"start":{"line":27,"column":8},"end":{"line":27,"column":19}},"4":{"start":{"line":36,"column":20},"end":{"line":36,"column":37}},"5":{"start":{"line":37,"column":8},"end":{"line":37,"column":31}},"6":{"start":{"line":46,"column":20},"end":{"line":46,"column":50}},"7":{"start":{"line":47,"column":8},"end":{"line":47,"column":31}},"8":{"start":{"line":56,"column":20},"end":{"line":56,"column":48}},"9":{"start":{"line":57,"column":8},"end":{"line":57,"column":31}},"10":{"start":{"line":66,"column":20},"end":{"line":66,"column":46}},"11":{"start":{"line":67,"column":8},"end":{"line":67,"column":31}},"12":{"start":{"line":76,"column":20},"end":{"line":76,"column":47}},"13":{"start":{"line":77,"column":8},"end":{"line":77,"column":31}},"14":{"start":{"line":86,"column":20},"end":{"line":86,"column":47}},"15":{"start":{"line":87,"column":8},"end":{"line":87,"column":31}},"16":{"start":{"line":96,"column":20},"end":{"line":96,"column":50}},"17":{"start":{"line":97,"column":21},"end":{"line":97,"column":37}},"18":{"start":{"line":98,"column":8},"end":{"line":98,"column":77}},"19":{"start":{"line":98,"column":59},"end":{"line":98,"column":75}},"20":{"start":{"line":109,"column":60},"end":{"line":109,"column":102}},"21":{"start":{"line":120,"column":8},"end":{"line":148,"column":9}},"22":{"start":{"line":122,"column":12},"end":{"line":135,"column":13}},"23":{"start":{"line":124,"column":20},"end":{"line":124,"column":61}},"24":{"start":{"line":125,"column":20},"end":{"line":125,"column":26}},"25":{"start":{"line":127,"column":20},"end":{"line":127,"column":63}},"26":{"start":{"line":128,"column":20},"end":{"line":128,"column":26}},"27":{"start":{"line":130,"column":20},"end":{"line":130,"column":63}},"28":{"start":{"line":131,"column":20},"end":{"line":131,"column":26}},"29":{"start":{"line":133,"column":20},"end":{"line":133,"column":55}},"30":{"start":{"line":134,"column":20},"end":{"line":134,"column":26}},"31":{"start":{"line":137,"column":12},"end":{"line":147,"column":13}},"32":{"start":{"line":139,"column":20},"end":{"line":139,"column":67}},"33":{"start":{"line":140,"column":20},"end":{"line":140,"column":26}},"34":{"start":{"line":142,"column":20},"end":{"line":142,"column":67}},"35":{"start":{"line":143,"column":20},"end":{"line":143,"column":26}},"36":{"start":{"line":145,"column":20},"end":{"line":145,"column":58}},"37":{"start":{"line":146,"column":20},"end":{"line":146,"column":26}},"38":{"start":{"line":155,"column":37},"end":{"line":155,"column":62}},"39":{"start":{"line":161,"column":44},"end":{"line":161,"column":77}},"40":{"start":{"line":167,"column":40},"end":{"line":167,"column":69}},"41":{"start":{"line":173,"column":42},"end":{"line":173,"column":73}},"42":{"start":{"line":179,"column":39},"end":{"line":179,"column":66}},"43":{"start":{"line":185,"column":44},"end":{"line":185,"column":76}},"44":{"start":{"line":191,"column":36},"end":{"line":191,"column":60}},"45":{"start":{"line":197,"column":41},"end":{"line":197,"column":70}},"46":{"start":{"line":204,"column":20},"end":{"line":204,"column":37}},"47":{"start":{"line":205,"column":20},"end":{"line":205,"column":37}},"48":{"start":{"line":206,"column":8},"end":{"line":206,"column":68}},"49":{"start":{"line":206,"column":52},"end":{"line":206,"column":68}},"50":{"start":{"line":213,"column":38},"end":{"line":213,"column":64}},"51":{"start":{"line":219,"column":42},"end":{"line":219,"column":73}},"52":{"start":{"line":225,"column":41},"end":{"line":225,"column":68}},"53":{"start":{"line":231,"column":28},"end":{"line":231,"column":64}},"54":{"start":{"line":237,"column":42},"end":{"line":237,"column":96}},"55":{"start":{"line":243,"column":47},"end":{"line":243,"column":106}},"56":{"start":{"line":249,"column":41},"end":{"line":249,"column":91}},"57":{"start":{"line":255,"column":43},"end":{"line":255,"column":91}},"58":{"start":{"line":261,"column":44},"end":{"line":261,"column":93}},"59":{"start":{"line":267,"column":40},"end":{"line":267,"column":88}},"60":{"start":{"line":273,"column":45},"end":{"line":273,"column":95}},"61":{"start":{"line":279,"column":43},"end":{"line":279,"column":91}},"62":{"start":{"line":285,"column":43},"end":{"line":285,"column":70}},"63":{"start":{"line":293,"column":54},"end":{"line":293,"column":91}},"64":{"start":{"line":299,"column":51},"end":{"line":299,"column":86}},"65":{"start":{"line":305,"column":45},"end":{"line":305,"column":77}},"66":{"start":{"line":311,"column":41},"end":{"line":311,"column":70}}},"fnMap":{"0":{"name":"(anonymous_0)","decl":{"start":{"line":20,"column":4},"end":{"line":20,"column":5}},"loc":{"start":{"line":20,"column":33},"end":{"line":23,"column":5}},"line":20},"1":{"name":"(anonymous_1)","decl":{"start":{"line":25,"column":4},"end":{"line":25,"column":5}},"loc":{"start":{"line":25,"column":17},"end":{"line":28,"column":5}},"line":25},"2":{"name":"(anonymous_2)","decl":{"start":{"line":35,"column":4},"end":{"line":35,"column":5}},"loc":{"start":{"line":35,"column":39},"end":{"line":38,"column":5}},"line":35},"3":{"name":"(anonymous_3)","decl":{"start":{"line":45,"column":4},"end":{"line":45,"column":5}},"loc":{"start":{"line":45,"column":50},"end":{"line":48,"column":5}},"line":45},"4":{"name":"(anonymous_4)","decl":{"start":{"line":55,"column":4},"end":{"line":55,"column":5}},"loc":{"start":{"line":55,"column":45},"end":{"line":58,"column":5}},"line":55},"5":{"name":"(anonymous_5)","decl":{"start":{"line":65,"column":4},"end":{"line":65,"column":5}},"loc":{"start":{"line":65,"column":50},"end":{"line":68,"column":5}},"line":65},"6":{"name":"(anonymous_6)","decl":{"start":{"line":75,"column":4},"end":{"line":75,"column":5}},"loc":{"start":{"line":75,"column":48},"end":{"line":78,"column":5}},"line":75},"7":{"name":"(anonymous_7)","decl":{"start":{"line":85,"column":4},"end":{"line":85,"column":5}},"loc":{"start":{"line":85,"column":39},"end":{"line":88,"column":5}},"line":85},"8":{"name":"(anonymous_8)","decl":{"start":{"line":95,"column":4},"end":{"line":95,"column":5}},"loc":{"start":{"line":95,"column":47},"end":{"line":99,"column":5}},"line":95},"9":{"name":"(anonymous_9)","decl":{"start":{"line":98,"column":25},"end":{"line":98,"column":26}},"loc":{"start":{"line":98,"column":59},"end":{"line":98,"column":75}},"line":98},"10":{"name":"(anonymous_10)","decl":{"start":{"line":109,"column":4},"end":{"line":109,"column":5}},"loc":{"start":{"line":109,"column":58},"end":{"line":109,"column":104}},"line":109},"11":{"name":"(anonymous_11)","decl":{"start":{"line":118,"column":4},"end":{"line":118,"column":5}},"loc":{"start":{"line":119,"column":25},"end":{"line":149,"column":5}},"line":119},"12":{"name":"(anonymous_12)","decl":{"start":{"line":155,"column":4},"end":{"line":155,"column":5}},"loc":{"start":{"line":155,"column":35},"end":{"line":155,"column":64}},"line":155},"13":{"name":"(anonymous_13)","decl":{"start":{"line":161,"column":4},"end":{"line":161,"column":5}},"loc":{"start":{"line":161,"column":42},"end":{"line":161,"column":79}},"line":161},"14":{"name":"(anonymous_14)","decl":{"start":{"line":167,"column":4},"end":{"line":167,"column":5}},"loc":{"start":{"line":167,"column":38},"end":{"line":167,"column":71}},"line":167},"15":{"name":"(anonymous_15)","decl":{"start":{"line":173,"column":4},"end":{"line":173,"column":5}},"loc":{"start":{"line":173,"column":40},"end":{"line":173,"column":75}},"line":173},"16":{"name":"(anonymous_16)","decl":{"start":{"line":179,"column":4},"end":{"line":179,"column":5}},"loc":{"start":{"line":179,"column":37},"end":{"line":179,"column":68}},"line":179},"17":{"name":"(anonymous_17)","decl":{"start":{"line":185,"column":4},"end":{"line":185,"column":5}},"loc":{"start":{"line":185,"column":42},"end":{"line":185,"column":78}},"line":185},"18":{"name":"(anonymous_18)","decl":{"start":{"line":191,"column":4},"end":{"line":191,"column":5}},"loc":{"start":{"line":191,"column":34},"end":{"line":191,"column":62}},"line":191},"19":{"name":"(anonymous_19)","decl":{"start":{"line":197,"column":4},"end":{"line":197,"column":5}},"loc":{"start":{"line":197,"column":39},"end":{"line":197,"column":72}},"line":197},"20":{"name":"(anonymous_20)","decl":{"start":{"line":203,"column":4},"end":{"line":203,"column":5}},"loc":{"start":{"line":203,"column":40},"end":{"line":207,"column":5}},"line":203},"21":{"name":"(anonymous_21)","decl":{"start":{"line":213,"column":4},"end":{"line":213,"column":5}},"loc":{"start":{"line":213,"column":36},"end":{"line":213,"column":66}},"line":213},"22":{"name":"(anonymous_22)","decl":{"start":{"line":219,"column":4},"end":{"line":219,"column":5}},"loc":{"start":{"line":219,"column":40},"end":{"line":219,"column":75}},"line":219},"23":{"name":"(anonymous_23)","decl":{"start":{"line":225,"column":4},"end":{"line":225,"column":5}},"loc":{"start":{"line":225,"column":39},"end":{"line":225,"column":70}},"line":225},"24":{"name":"(anonymous_24)","decl":{"start":{"line":231,"column":4},"end":{"line":231,"column":5}},"loc":{"start":{"line":231,"column":26},"end":{"line":231,"column":66}},"line":231},"25":{"name":"(anonymous_25)","decl":{"start":{"line":237,"column":4},"end":{"line":237,"column":5}},"loc":{"start":{"line":237,"column":40},"end":{"line":237,"column":98}},"line":237},"26":{"name":"(anonymous_26)","decl":{"start":{"line":243,"column":4},"end":{"line":243,"column":5}},"loc":{"start":{"line":243,"column":45},"end":{"line":243,"column":108}},"line":243},"27":{"name":"(anonymous_27)","decl":{"start":{"line":249,"column":4},"end":{"line":249,"column":5}},"loc":{"start":{"line":249,"column":39},"end":{"line":249,"column":93}},"line":249},"28":{"name":"(anonymous_28)","decl":{"start":{"line":255,"column":4},"end":{"line":255,"column":5}},"loc":{"start":{"line":255,"column":41},"end":{"line":255,"column":93}},"line":255},"29":{"name":"(anonymous_29)","decl":{"start":{"line":261,"column":4},"end":{"line":261,"column":5}},"loc":{"start":{"line":261,"column":42},"end":{"line":261,"column":95}},"line":261},"30":{"name":"(anonymous_30)","decl":{"start":{"line":267,"column":4},"end":{"line":267,"column":5}},"loc":{"start":{"line":267,"column":38},"end":{"line":267,"column":90}},"line":267},"31":{"name":"(anonymous_31)","decl":{"start":{"line":273,"column":4},"end":{"line":273,"column":5}},"loc":{"start":{"line":273,"column":43},"end":{"line":273,"column":97}},"line":273},"32":{"name":"(anonymous_32)","decl":{"start":{"line":279,"column":4},"end":{"line":279,"column":5}},"loc":{"start":{"line":279,"column":41},"end":{"line":279,"column":93}},"line":279},"33":{"name":"(anonymous_33)","decl":{"start":{"line":285,"column":4},"end":{"line":285,"column":5}},"loc":{"start":{"line":285,"column":41},"end":{"line":285,"column":72}},"line":285},"34":{"name":"(anonymous_34)","decl":{"start":{"line":293,"column":4},"end":{"line":293,"column":5}},"loc":{"start":{"line":293,"column":52},"end":{"line":293,"column":93}},"line":293},"35":{"name":"(anonymous_35)","decl":{"start":{"line":299,"column":4},"end":{"line":299,"column":5}},"loc":{"start":{"line":299,"column":49},"end":{"line":299,"column":88}},"line":299},"36":{"name":"(anonymous_36)","decl":{"start":{"line":305,"column":4},"end":{"line":305,"column":5}},"loc":{"start":{"line":305,"column":43},"end":{"line":305,"column":79}},"line":305},"37":{"name":"(anonymous_37)","decl":{"start":{"line":311,"column":4},"end":{"line":311,"column":5}},"loc":{"start":{"line":311,"column":39},"end":{"line":311,"column":72}},"line":311}},"branchMap":{"0":{"loc":{"start":{"line":118,"column":47},"end":{"line":118,"column":98}},"type":"default-arg","locations":[{"start":{"line":118,"column":96},"end":{"line":118,"column":98}}],"line":118},"1":{"loc":{"start":{"line":120,"column":8},"end":{"line":148,"column":9}},"type":"switch","locations":[{"start":{"line":121,"column":12},"end":{"line":135,"column":13}},{"start":{"line":136,"column":12},"end":{"line":147,"column":13}}],"line":120},"2":{"loc":{"start":{"line":122,"column":12},"end":{"line":135,"column":13}},"type":"switch","locations":[{"start":{"line":123,"column":16},"end":{"line":125,"column":26}},{"start":{"line":126,"column":16},"end":{"line":128,"column":26}},{"start":{"line":129,"column":16},"end":{"line":131,"column":26}},{"start":{"line":132,"column":16},"end":{"line":134,"column":26}}],"line":122},"3":{"loc":{"start":{"line":137,"column":12},"end":{"line":147,"column":13}},"type":"switch","locations":[{"start":{"line":138,"column":16},"end":{"line":140,"column":26}},{"start":{"line":141,"column":16},"end":{"line":143,"column":26}},{"start":{"line":144,"column":16},"end":{"line":146,"column":26}}],"line":137},"4":{"loc":{"start":{"line":206,"column":8},"end":{"line":206,"column":68}},"type":"if","locations":[{"start":{"line":206,"column":8},"end":{"line":206,"column":68}},{"start":{"line":206,"column":8},"end":{"line":206,"column":68}}],"line":206},"5":{"loc":{"start":{"line":206,"column":12},"end":{"line":206,"column":50}},"type":"binary-expr","locations":[{"start":{"line":206,"column":12},"end":{"line":206,"column":29}},{"start":{"line":206,"column":33},"end":{"line":206,"column":50}}],"line":206},"6":{"loc":{"start":{"line":231,"column":35},"end":{"line":231,"column":64}},"type":"binary-expr","locations":[{"start":{"line":231,"column":35},"end":{"line":231,"column":55}},{"start":{"line":231,"column":59},"end":{"line":231,"column":64}}],"line":231}},"s":{"0":27,"1":27,"2":26,"3":26,"4":27,"5":27,"6":1,"7":1,"8":1,"9":1,"10":1,"11":1,"12":1,"13":1,"14":1,"15":1,"16":1,"17":1,"18":1,"19":3,"20":1,"21":0,"22":0,"23":0,"24":0,"25":0,"26":0,"27":0,"28":0,"29":0,"30":0,"31":0,"32":0,"33":0,"34":0,"35":0,"36":0,"37":0,"38":1,"39":1,"40":1,"41":1,"42":1,"43":1,"44":1,"45":1,"46":1,"47":1,"48":1,"49":1,"50":1,"51":1,"52":1,"53":1,"54":1,"55":1,"56":1,"57":1,"58":1,"59":1,"60":1,"61":1,"62":0,"63":1,"64":1,"65":1,"66":1},"f":{"0":27,"1":26,"2":27,"3":1,"4":1,"5":1,"6":1,"7":1,"8":1,"9":3,"10":1,"11":0,"12":1,"13":1,"14":1,"15":1,"16":1,"17":1,"18":1,"19":1,"20":1,"21":1,"22":1,"23":1,"24":1,"25":1,"26":1,"27":1,"28":1,"29":1,"30":1,"31":1,"32":1,"33":0,"34":1,"35":1,"36":1,"37":1},"b":{"0":[0],"1":[0,0],"2":[0,0,0,0],"3":[0,0,0],"4":[1,0],"5":[1,1],"6":[1,0]},"_coverageSchema":"1a1c01bbd47fc00a2c39e90264f33305004495a9","hash":"4b4245eeebb296a6592fc84904925ad4a6e34732"}
,"/mnt/laut/owner/packages/js_pubapi/tests/mocks/xhr_mock.ts": {"path":"/mnt/laut/owner/packages/js_pubapi/tests/mocks/xhr_mock.ts","statementMap":{"0":{"start":{"line":23,"column":8},"end":{"line":23,"column":34}},"1":{"start":{"line":24,"column":8},"end":{"line":24,"column":29}},"2":{"start":{"line":25,"column":8},"end":{"line":25,"column":20}},"3":{"start":{"line":26,"column":8},"end":{"line":26,"column":26}},"4":{"start":{"line":27,"column":8},"end":{"line":27,"column":24}},"5":{"start":{"line":28,"column":8},"end":{"line":28,"column":27}},"6":{"start":{"line":29,"column":8},"end":{"line":29,"column":29}},"7":{"start":{"line":30,"column":8},"end":{"line":30,"column":25}},"8":{"start":{"line":31,"column":8},"end":{"line":31,"column":26}},"9":{"start":{"line":32,"column":19},"end":{"line":32,"column":23}},"10":{"start":{"line":33,"column":8},"end":{"line":33,"column":59}},"11":{"start":{"line":33,"column":46},"end":{"line":33,"column":57}},"12":{"start":{"line":34,"column":8},"end":{"line":39,"column":9}},"13":{"start":{"line":43,"column":23},"end":{"line":43,"column":80}},"14":{"start":{"line":43,"column":60},"end":{"line":43,"column":78}},"15":{"start":{"line":44,"column":8},"end":{"line":44,"column":48}},"16":{"start":{"line":48,"column":8},"end":{"line":48,"column":30}},"17":{"start":{"line":49,"column":8},"end":{"line":49,"column":22}},"18":{"start":{"line":50,"column":8},"end":{"line":50,"column":28}},"19":{"start":{"line":54,"column":8},"end":{"line":63,"column":10}},"20":{"start":{"line":55,"column":12},"end":{"line":62,"column":13}},"21":{"start":{"line":56,"column":16},"end":{"line":56,"column":47}},"22":{"start":{"line":57,"column":16},"end":{"line":57,"column":41}},"23":{"start":{"line":58,"column":19},"end":{"line":62,"column":13}},"24":{"start":{"line":59,"column":16},"end":{"line":59,"column":42}},"25":{"start":{"line":61,"column":16},"end":{"line":61,"column":44}},"26":{"start":{"line":67,"column":8},"end":{"line":67,"column":28}},"27":{"start":{"line":68,"column":8},"end":{"line":68,"column":28}},"28":{"start":{"line":72,"column":8},"end":{"line":72,"column":39}},"29":{"start":{"line":76,"column":8},"end":{"line":76,"column":29}},"30":{"start":{"line":77,"column":8},"end":{"line":77,"column":21}},"31":{"start":{"line":78,"column":8},"end":{"line":78,"column":27}},"32":{"start":{"line":79,"column":8},"end":{"line":79,"column":25}},"33":{"start":{"line":80,"column":8},"end":{"line":80,"column":28}},"34":{"start":{"line":81,"column":8},"end":{"line":81,"column":26}},"35":{"start":{"line":82,"column":8},"end":{"line":82,"column":27}},"36":{"start":{"line":83,"column":8},"end":{"line":88,"column":9}}},"fnMap":{"0":{"name":"(anonymous_0)","decl":{"start":{"line":22,"column":4},"end":{"line":22,"column":5}},"loc":{"start":{"line":22,"column":27},"end":{"line":40,"column":5}},"line":22},"1":{"name":"(anonymous_1)","decl":{"start":{"line":33,"column":32},"end":{"line":33,"column":33}},"loc":{"start":{"line":33,"column":44},"end":{"line":33,"column":59}},"line":33},"2":{"name":"(anonymous_2)","decl":{"start":{"line":35,"column":19},"end":{"line":35,"column":20}},"loc":{"start":{"line":35,"column":25},"end":{"line":35,"column":27}},"line":35},"3":{"name":"(anonymous_3)","decl":{"start":{"line":36,"column":18},"end":{"line":36,"column":19}},"loc":{"start":{"line":36,"column":24},"end":{"line":36,"column":26}},"line":36},"4":{"name":"(anonymous_4)","decl":{"start":{"line":37,"column":19},"end":{"line":37,"column":20}},"loc":{"start":{"line":37,"column":25},"end":{"line":37,"column":27}},"line":37},"5":{"name":"(anonymous_5)","decl":{"start":{"line":38,"column":21},"end":{"line":38,"column":22}},"loc":{"start":{"line":38,"column":27},"end":{"line":38,"column":29}},"line":38},"6":{"name":"(anonymous_6)","decl":{"start":{"line":42,"column":4},"end":{"line":42,"column":5}},"loc":{"start":{"line":42,"column":26},"end":{"line":45,"column":5}},"line":42},"7":{"name":"(anonymous_7)","decl":{"start":{"line":43,"column":41},"end":{"line":43,"column":42}},"loc":{"start":{"line":43,"column":60},"end":{"line":43,"column":78}},"line":43},"8":{"name":"(anonymous_8)","decl":{"start":{"line":47,"column":4},"end":{"line":47,"column":5}},"loc":{"start":{"line":47,"column":39},"end":{"line":51,"column":5}},"line":47},"9":{"name":"(anonymous_9)","decl":{"start":{"line":53,"column":4},"end":{"line":53,"column":5}},"loc":{"start":{"line":53,"column":25},"end":{"line":64,"column":5}},"line":53},"10":{"name":"(anonymous_10)","decl":{"start":{"line":54,"column":27},"end":{"line":54,"column":28}},"loc":{"start":{"line":54,"column":40},"end":{"line":63,"column":9}},"line":54},"11":{"name":"(anonymous_11)","decl":{"start":{"line":66,"column":4},"end":{"line":66,"column":5}},"loc":{"start":{"line":66,"column":36},"end":{"line":69,"column":5}},"line":66},"12":{"name":"(anonymous_12)","decl":{"start":{"line":71,"column":4},"end":{"line":71,"column":5}},"loc":{"start":{"line":71,"column":64},"end":{"line":73,"column":5}},"line":71},"13":{"name":"(anonymous_13)","decl":{"start":{"line":75,"column":4},"end":{"line":75,"column":5}},"loc":{"start":{"line":75,"column":12},"end":{"line":89,"column":5}},"line":75},"14":{"name":"(anonymous_14)","decl":{"start":{"line":84,"column":19},"end":{"line":84,"column":20}},"loc":{"start":{"line":84,"column":25},"end":{"line":84,"column":27}},"line":84},"15":{"name":"(anonymous_15)","decl":{"start":{"line":85,"column":18},"end":{"line":85,"column":19}},"loc":{"start":{"line":85,"column":24},"end":{"line":85,"column":26}},"line":85},"16":{"name":"(anonymous_16)","decl":{"start":{"line":86,"column":19},"end":{"line":86,"column":20}},"loc":{"start":{"line":86,"column":25},"end":{"line":86,"column":27}},"line":86},"17":{"name":"(anonymous_17)","decl":{"start":{"line":87,"column":21},"end":{"line":87,"column":22}},"loc":{"start":{"line":87,"column":27},"end":{"line":87,"column":29}},"line":87}},"branchMap":{"0":{"loc":{"start":{"line":55,"column":12},"end":{"line":62,"column":13}},"type":"if","locations":[{"start":{"line":55,"column":12},"end":{"line":62,"column":13}},{"start":{"line":55,"column":12},"end":{"line":62,"column":13}}],"line":55},"1":{"loc":{"start":{"line":55,"column":16},"end":{"line":55,"column":55}},"type":"binary-expr","locations":[{"start":{"line":55,"column":16},"end":{"line":55,"column":34}},{"start":{"line":55,"column":38},"end":{"line":55,"column":55}}],"line":55},"2":{"loc":{"start":{"line":58,"column":19},"end":{"line":62,"column":13}},"type":"if","locations":[{"start":{"line":58,"column":19},"end":{"line":62,"column":13}},{"start":{"line":58,"column":19},"end":{"line":62,"column":13}}],"line":58}},"s":{"0":2,"1":2,"2":2,"3":2,"4":2,"5":2,"6":2,"7":2,"8":2,"9":2,"10":2,"11":57,"12":2,"13":57,"14":619,"15":57,"16":57,"17":57,"18":57,"19":57,"20":57,"21":57,"22":57,"23":0,"24":0,"25":0,"26":58,"27":58,"28":228,"29":58,"30":58,"31":58,"32":58,"33":58,"34":58,"35":58,"36":58},"f":{"0":2,"1":57,"2":0,"3":0,"4":0,"5":0,"6":57,"7":619,"8":57,"9":57,"10":57,"11":58,"12":228,"13":58,"14":0,"15":0,"16":0,"17":0},"b":{"0":[57,0],"1":[57,57],"2":[0,0]},"_coverageSchema":"1a1c01bbd47fc00a2c39e90264f33305004495a9","hash":"72ca5cd93cce297f27f1f94d7120ee43461fb860"}
}
