TN:
SF:src/api.ts
FN:10,(anonymous_0)
FN:20,(anonymous_1)
FN:31,(anonymous_2)
FN:42,(anonymous_3)
FN:54,(anonymous_4)
FN:65,(anonymous_5)
FN:67,(anonymous_6)
FN:76,(anonymous_7)
FN:88,(anonymous_8)
FN:90,(anonymous_9)
FN:100,(anonymous_10)
FN:102,(anonymous_11)
FN:112,(anonymous_12)
FN:124,(anonymous_13)
FN:135,(anonymous_14)
FN:151,(anonymous_15)
FN:162,(anonymous_16)
FN:173,(anonymous_17)
FN:175,(anonymous_18)
FN:185,(anonymous_19)
FN:187,(anonymous_20)
FN:196,(anonymous_21)
FN:201,(anonymous_22)
FN:232,(anonymous_23)
FN:247,(anonymous_24)
FN:261,(anonymous_25)
FN:265,(anonymous_26)
FN:280,(anonymous_27)
FN:294,(anonymous_28)
FNF:29
FNH:27
FNDA:1,(anonymous_0)
FNDA:1,(anonymous_1)
FNDA:1,(anonymous_2)
FNDA:1,(anonymous_3)
FNDA:2,(anonymous_4)
FNDA:1,(anonymous_5)
FNDA:458,(anonymous_6)
FNDA:1,(anonymous_7)
FNDA:1,(anonymous_8)
FNDA:458,(anonymous_9)
FNDA:1,(anonymous_10)
FNDA:458,(anonymous_11)
FNDA:1,(anonymous_12)
FNDA:2,(anonymous_13)
FNDA:1,(anonymous_14)
FNDA:1,(anonymous_15)
FNDA:1,(anonymous_16)
FNDA:1,(anonymous_17)
FNDA:219,(anonymous_18)
FNDA:1,(anonymous_19)
FNDA:219,(anonymous_20)
FNDA:1,(anonymous_21)
FNDA:5,(anonymous_22)
FNDA:4,(anonymous_23)
FNDA:2,(anonymous_24)
FNDA:2,(anonymous_25)
FNDA:0,(anonymous_26)
FNDA:1,(anonymous_27)
FNDA:0,(anonymous_28)
DA:10,1
DA:11,1
DA:12,1
DA:20,1
DA:21,1
DA:22,1
DA:31,1
DA:32,1
DA:33,1
DA:42,1
DA:43,1
DA:44,1
DA:54,1
DA:55,2
DA:56,2
DA:65,1
DA:66,1
DA:67,458
DA:76,1
DA:77,1
DA:78,1
DA:88,1
DA:89,1
DA:90,458
DA:91,1
DA:100,1
DA:101,1
DA:102,458
DA:103,1
DA:112,1
DA:113,1
DA:114,1
DA:124,1
DA:125,2
DA:126,2
DA:135,1
DA:136,1
DA:137,1
DA:138,1
DA:139,8020
DA:141,1
DA:151,1
DA:152,1
DA:153,1
DA:162,1
DA:163,1
DA:164,1
DA:173,1
DA:174,1
DA:175,219
DA:185,1
DA:186,1
DA:187,219
DA:196,1
DA:197,1
DA:198,1
DA:201,1
DA:202,5
DA:203,5
DA:204,5
DA:205,5
DA:206,5
DA:207,4
DA:208,4
DA:211,5
DA:232,1
DA:233,4
DA:234,2
DA:235,2
DA:237,2
DA:247,1
DA:248,2
DA:249,2
DA:250,2
DA:261,1
DA:262,2
DA:263,2
DA:264,0
DA:265,0
DA:266,0
DA:268,2
DA:269,2
DA:280,1
DA:281,1
DA:282,1
DA:283,1
DA:284,1
DA:294,1
DA:295,0
DA:296,0
DA:297,0
LF:91
LH:85
BRDA:201,0,0,0
BRDA:204,1,0,0
BRDA:204,1,1,5
BRDA:205,2,0,0
BRDA:205,2,1,5
BRDA:205,3,0,5
BRDA:205,3,1,0
BRDA:205,3,2,5
BRDA:205,3,3,0
BRDA:207,4,0,4
BRDA:207,4,1,0
BRDA:233,5,0,2
BRDA:233,5,1,2
BRDA:247,6,0,1
BRDA:261,7,0,1
BRDA:263,8,0,0
BRDA:263,8,1,2
BRDA:263,9,0,2
BRDA:263,9,1,2
BRDA:280,10,0,1
BRDA:281,11,0,0
BRDA:281,11,1,1
BRDA:281,12,0,1
BRDA:281,12,1,1
BRDA:294,13,0,0
BRF:25
BRH:16
end_of_record
TN:
SF:src/query.ts
FN:11,qs
FN:13,(anonymous_1)
FN:21,(anonymous_2)
FN:22,(anonymous_3)
FN:26,(anonymous_4)
FN:29,(anonymous_5)
FN:35,(anonymous_6)
FN:36,(anonymous_7)
FNF:8
FNH:5
FNDA:57,qs
FNDA:4,(anonymous_1)
FNDA:57,(anonymous_2)
FNDA:57,(anonymous_3)
FNDA:57,(anonymous_4)
FNDA:0,(anonymous_5)
FNDA:0,(anonymous_6)
FNDA:0,(anonymous_7)
DA:9,2
DA:12,57
DA:13,57
DA:14,4
DA:15,4
DA:16,4
DA:18,57
DA:21,2
DA:22,57
DA:23,57
DA:24,57
DA:25,57
DA:26,57
DA:27,57
DA:29,57
DA:30,0
DA:31,0
DA:32,0
DA:33,0
DA:35,57
DA:36,57
DA:37,0
DA:38,0
DA:39,0
DA:40,0
DA:42,57
DA:43,57
LF:27
LH:19
BRDA:15,0,0,2
BRDA:15,0,1,2
BRDA:21,1,0,52
BRF:3
BRH:3
end_of_record
TN:
SF:src/station.ts
FN:20,(anonymous_0)
FN:25,(anonymous_1)
FN:35,(anonymous_2)
FN:45,(anonymous_3)
FN:55,(anonymous_4)
FN:65,(anonymous_5)
FN:75,(anonymous_6)
FN:85,(anonymous_7)
FN:95,(anonymous_8)
FN:98,(anonymous_9)
FN:109,(anonymous_10)
FN:118,(anonymous_11)
FN:155,(anonymous_12)
FN:161,(anonymous_13)
FN:167,(anonymous_14)
FN:173,(anonymous_15)
FN:179,(anonymous_16)
FN:185,(anonymous_17)
FN:191,(anonymous_18)
FN:197,(anonymous_19)
FN:203,(anonymous_20)
FN:213,(anonymous_21)
FN:219,(anonymous_22)
FN:225,(anonymous_23)
FN:231,(anonymous_24)
FN:237,(anonymous_25)
FN:243,(anonymous_26)
FN:249,(anonymous_27)
FN:255,(anonymous_28)
FN:261,(anonymous_29)
FN:267,(anonymous_30)
FN:273,(anonymous_31)
FN:279,(anonymous_32)
FN:285,(anonymous_33)
FN:293,(anonymous_34)
FN:299,(anonymous_35)
FN:305,(anonymous_36)
FN:311,(anonymous_37)
FNF:38
FNH:36
FNDA:27,(anonymous_0)
FNDA:26,(anonymous_1)
FNDA:27,(anonymous_2)
FNDA:1,(anonymous_3)
FNDA:1,(anonymous_4)
FNDA:1,(anonymous_5)
FNDA:1,(anonymous_6)
FNDA:1,(anonymous_7)
FNDA:1,(anonymous_8)
FNDA:3,(anonymous_9)
FNDA:1,(anonymous_10)
FNDA:0,(anonymous_11)
FNDA:1,(anonymous_12)
FNDA:1,(anonymous_13)
FNDA:1,(anonymous_14)
FNDA:1,(anonymous_15)
FNDA:1,(anonymous_16)
FNDA:1,(anonymous_17)
FNDA:1,(anonymous_18)
FNDA:1,(anonymous_19)
FNDA:1,(anonymous_20)
FNDA:1,(anonymous_21)
FNDA:1,(anonymous_22)
FNDA:1,(anonymous_23)
FNDA:1,(anonymous_24)
FNDA:1,(anonymous_25)
FNDA:1,(anonymous_26)
FNDA:1,(anonymous_27)
FNDA:1,(anonymous_28)
FNDA:1,(anonymous_29)
FNDA:1,(anonymous_30)
FNDA:1,(anonymous_31)
FNDA:1,(anonymous_32)
FNDA:0,(anonymous_33)
FNDA:1,(anonymous_34)
FNDA:1,(anonymous_35)
FNDA:1,(anonymous_36)
FNDA:1,(anonymous_37)
DA:21,27
DA:22,27
DA:26,26
DA:27,26
DA:36,27
DA:37,27
DA:46,1
DA:47,1
DA:56,1
DA:57,1
DA:66,1
DA:67,1
DA:76,1
DA:77,1
DA:86,1
DA:87,1
DA:96,1
DA:97,1
DA:98,3
DA:109,1
DA:120,0
DA:122,0
DA:124,0
DA:125,0
DA:127,0
DA:128,0
DA:130,0
DA:131,0
DA:133,0
DA:134,0
DA:137,0
DA:139,0
DA:140,0
DA:142,0
DA:143,0
DA:145,0
DA:146,0
DA:155,1
DA:161,1
DA:167,1
DA:173,1
DA:179,1
DA:185,1
DA:191,1
DA:197,1
DA:204,1
DA:205,1
DA:206,1
DA:213,1
DA:219,1
DA:225,1
DA:231,1
DA:237,1
DA:243,1
DA:249,1
DA:255,1
DA:261,1
DA:267,1
DA:273,1
DA:279,1
DA:285,0
DA:293,1
DA:299,1
DA:305,1
DA:311,1
LF:65
LH:47
BRDA:118,0,0,0
BRDA:120,1,0,0
BRDA:120,1,1,0
BRDA:122,2,0,0
BRDA:122,2,1,0
BRDA:122,2,2,0
BRDA:122,2,3,0
BRDA:137,3,0,0
BRDA:137,3,1,0
BRDA:137,3,2,0
BRDA:206,4,0,1
BRDA:206,4,1,0
BRDA:206,5,0,1
BRDA:206,5,1,1
BRDA:231,6,0,1
BRDA:231,6,1,0
BRF:16
BRH:4
end_of_record
TN:
SF:tests/mocks/xhr_mock.ts
FN:22,(anonymous_0)
FN:33,(anonymous_1)
FN:35,(anonymous_2)
FN:36,(anonymous_3)
FN:37,(anonymous_4)
FN:38,(anonymous_5)
FN:42,(anonymous_6)
FN:43,(anonymous_7)
FN:47,(anonymous_8)
FN:53,(anonymous_9)
FN:54,(anonymous_10)
FN:66,(anonymous_11)
FN:71,(anonymous_12)
FN:75,(anonymous_13)
FN:84,(anonymous_14)
FN:85,(anonymous_15)
FN:86,(anonymous_16)
FN:87,(anonymous_17)
FNF:18
FNH:10
FNDA:2,(anonymous_0)
FNDA:57,(anonymous_1)
FNDA:0,(anonymous_2)
FNDA:0,(anonymous_3)
FNDA:0,(anonymous_4)
FNDA:0,(anonymous_5)
FNDA:57,(anonymous_6)
FNDA:619,(anonymous_7)
FNDA:57,(anonymous_8)
FNDA:57,(anonymous_9)
FNDA:57,(anonymous_10)
FNDA:58,(anonymous_11)
FNDA:228,(anonymous_12)
FNDA:58,(anonymous_13)
FNDA:0,(anonymous_14)
FNDA:0,(anonymous_15)
FNDA:0,(anonymous_16)
FNDA:0,(anonymous_17)
DA:23,2
DA:24,2
DA:25,2
DA:26,2
DA:27,2
DA:28,2
DA:29,2
DA:30,2
DA:31,2
DA:32,2
DA:33,57
DA:34,2
DA:43,619
DA:44,57
DA:48,57
DA:49,57
DA:50,57
DA:54,57
DA:55,57
DA:56,57
DA:57,57
DA:58,0
DA:59,0
DA:61,0
DA:67,58
DA:68,58
DA:72,228
DA:76,58
DA:77,58
DA:78,58
DA:79,58
DA:80,58
DA:81,58
DA:82,58
DA:83,58
LF:35
LH:32
BRDA:55,0,0,57
BRDA:55,0,1,0
BRDA:55,1,0,57
BRDA:55,1,1,57
BRDA:58,2,0,0
BRDA:58,2,1,0
BRF:6
BRH:3
end_of_record
