TN:
SF:/home/fvhockney/laut/pubapi/src/api.js
FN:9,(anonymous_0)
FN:19,(anonymous_1)
FN:30,(anonymous_2)
FN:41,(anonymous_3)
FN:53,(anonymous_4)
FN:64,(anonymous_5)
FN:66,(anonymous_6)
FN:75,(anonymous_7)
FN:87,(anonymous_8)
FN:89,(anonymous_9)
FN:99,(anonymous_10)
FN:101,(anonymous_11)
FN:111,(anonymous_12)
FN:123,(anonymous_13)
FN:134,(anonymous_14)
FN:150,(anonymous_15)
FN:161,(anonymous_16)
FN:172,(anonymous_17)
FN:174,(anonymous_18)
FN:184,(anonymous_19)
FN:186,(anonymous_20)
FN:195,(anonymous_21)
FN:200,(anonymous_22)
FN:211,(anonymous_23)
FN:227,(anonymous_24)
FN:241,(anonymous_25)
FN:245,(anonymous_26)
FN:260,(anonymous_27)
FN:276,(anonymous_28)
FNF:29
FNH:26
FNDA:1,(anonymous_0)
FNDA:1,(anonymous_1)
FNDA:1,(anonymous_2)
FNDA:1,(anonymous_3)
FNDA:2,(anonymous_4)
FNDA:1,(anonymous_5)
FNDA:341,(anonymous_6)
FNDA:1,(anonymous_7)
FNDA:1,(anonymous_8)
FNDA:341,(anonymous_9)
FNDA:1,(anonymous_10)
FNDA:341,(anonymous_11)
FNDA:1,(anonymous_12)
FNDA:2,(anonymous_13)
FNDA:1,(anonymous_14)
FNDA:1,(anonymous_15)
FNDA:0,(anonymous_16)
FNDA:1,(anonymous_17)
FNDA:73,(anonymous_18)
FNDA:1,(anonymous_19)
FNDA:73,(anonymous_20)
FNDA:1,(anonymous_21)
FNDA:5,(anonymous_22)
FNDA:4,(anonymous_23)
FNDA:2,(anonymous_24)
FNDA:2,(anonymous_25)
FNDA:0,(anonymous_26)
FNDA:1,(anonymous_27)
FNDA:0,(anonymous_28)
DA:9,1
DA:10,1
DA:11,1
DA:19,1
DA:20,1
DA:21,1
DA:30,1
DA:31,1
DA:32,1
DA:41,1
DA:42,1
DA:43,1
DA:53,1
DA:54,2
DA:55,2
DA:64,1
DA:65,1
DA:66,341
DA:75,1
DA:76,1
DA:77,1
DA:87,1
DA:88,1
DA:89,341
DA:90,1
DA:99,1
DA:100,1
DA:101,341
DA:102,1
DA:111,1
DA:112,1
DA:113,1
DA:123,1
DA:124,2
DA:125,2
DA:134,1
DA:135,1
DA:136,1
DA:137,1
DA:138,5033
DA:140,1
DA:150,1
DA:151,1
DA:152,1
DA:161,1
DA:162,0
DA:163,0
DA:172,1
DA:173,1
DA:174,73
DA:184,1
DA:185,1
DA:186,73
DA:195,1
DA:196,1
DA:197,1
DA:200,1
DA:201,5
DA:202,5
DA:203,5
DA:204,5
DA:205,5
DA:206,4
DA:208,5
DA:211,1
DA:212,4
DA:213,2
DA:214,2
DA:216,2
DA:227,1
DA:228,2
DA:229,2
DA:230,2
DA:241,1
DA:242,2
DA:243,2
DA:244,0
DA:245,0
DA:246,0
DA:248,2
DA:249,2
DA:260,1
DA:261,1
DA:262,1
DA:263,1
DA:264,1
DA:276,1
LF:87
LH:82
BRDA:200,0,0,0
BRDA:202,1,0,0
BRDA:202,1,1,5
BRDA:203,2,0,0
BRDA:203,2,1,5
BRDA:203,3,0,5
BRDA:203,3,1,0
BRDA:203,3,2,5
BRDA:203,3,3,0
BRDA:204,4,0,0
BRDA:204,4,1,5
BRDA:204,5,0,5
BRDA:204,5,1,2
BRDA:206,6,0,0
BRDA:206,6,1,4
BRDA:212,7,0,2
BRDA:212,7,1,2
BRDA:227,8,0,1
BRDA:241,9,0,1
BRDA:243,10,0,0
BRDA:243,10,1,2
BRDA:260,11,0,1
BRDA:261,12,0,0
BRDA:261,12,1,1
BRDA:261,13,0,1
BRDA:261,13,1,1
BRDA:276,14,0,0
BRF:27
BRH:17
end_of_record
TN:
SF:/home/fvhockney/laut/pubapi/src/query.js
FN:3,(anonymous_0)
FNF:1
FNH:1
FNDA:31,(anonymous_0)
DA:3,2
DA:4,31
DA:5,31
DA:6,31
DA:7,31
DA:8,31
DA:16,31
DA:17,31
DA:19,0
DA:20,0
LF:10
LH:8
BRDA:3,0,0,26
BRF:1
BRH:1
end_of_record
TN:
SF:/home/fvhockney/laut/pubapi/src/station.js
FN:9,(anonymous_0)
FN:14,(anonymous_1)
FN:24,(anonymous_2)
FN:34,(anonymous_3)
FN:44,(anonymous_4)
FN:54,(anonymous_5)
FN:64,(anonymous_6)
FN:74,(anonymous_7)
FN:84,(anonymous_8)
FN:87,(anonymous_9)
FN:98,(anonymous_10)
FN:107,(anonymous_11)
FN:143,(anonymous_12)
FN:149,(anonymous_13)
FN:155,(anonymous_14)
FN:161,(anonymous_15)
FN:167,(anonymous_16)
FN:173,(anonymous_17)
FN:179,(anonymous_18)
FN:185,(anonymous_19)
FN:191,(anonymous_20)
FN:201,(anonymous_21)
FN:207,(anonymous_22)
FN:213,(anonymous_23)
FN:219,(anonymous_24)
FN:225,(anonymous_25)
FN:231,(anonymous_26)
FN:237,(anonymous_27)
FN:243,(anonymous_28)
FN:249,(anonymous_29)
FN:255,(anonymous_30)
FN:261,(anonymous_31)
FN:267,(anonymous_32)
FN:273,(anonymous_33)
FN:281,(anonymous_34)
FN:287,(anonymous_35)
FN:293,(anonymous_36)
FN:299,(anonymous_37)
FN:301,(anonymous_38)
FNF:39
FNH:12
FNDA:2,(anonymous_0)
FNDA:1,(anonymous_1)
FNDA:2,(anonymous_2)
FNDA:1,(anonymous_3)
FNDA:1,(anonymous_4)
FNDA:1,(anonymous_5)
FNDA:1,(anonymous_6)
FNDA:1,(anonymous_7)
FNDA:1,(anonymous_8)
FNDA:3,(anonymous_9)
FNDA:0,(anonymous_10)
FNDA:0,(anonymous_11)
FNDA:1,(anonymous_12)
FNDA:0,(anonymous_13)
FNDA:0,(anonymous_14)
FNDA:0,(anonymous_15)
FNDA:0,(anonymous_16)
FNDA:0,(anonymous_17)
FNDA:0,(anonymous_18)
FNDA:0,(anonymous_19)
FNDA:0,(anonymous_20)
FNDA:0,(anonymous_21)
FNDA:0,(anonymous_22)
FNDA:0,(anonymous_23)
FNDA:0,(anonymous_24)
FNDA:0,(anonymous_25)
FNDA:0,(anonymous_26)
FNDA:0,(anonymous_27)
FNDA:0,(anonymous_28)
FNDA:0,(anonymous_29)
FNDA:0,(anonymous_30)
FNDA:0,(anonymous_31)
FNDA:0,(anonymous_32)
FNDA:0,(anonymous_33)
FNDA:0,(anonymous_34)
FNDA:0,(anonymous_35)
FNDA:0,(anonymous_36)
FNDA:1,(anonymous_37)
FNDA:0,(anonymous_38)
DA:10,2
DA:11,2
DA:15,1
DA:16,1
DA:25,2
DA:26,2
DA:35,1
DA:36,1
DA:45,1
DA:46,1
DA:55,1
DA:56,1
DA:65,1
DA:66,1
DA:75,1
DA:76,1
DA:85,1
DA:86,1
DA:87,3
DA:98,0
DA:108,0
DA:110,0
DA:112,0
DA:113,0
DA:115,0
DA:116,0
DA:118,0
DA:119,0
DA:121,0
DA:122,0
DA:125,0
DA:127,0
DA:128,0
DA:130,0
DA:131,0
DA:133,0
DA:134,0
DA:143,1
DA:149,0
DA:155,0
DA:161,0
DA:167,0
DA:173,0
DA:179,0
DA:185,0
DA:192,0
DA:193,0
DA:194,0
DA:201,0
DA:207,0
DA:213,0
DA:219,0
DA:225,0
DA:231,0
DA:237,0
DA:243,0
DA:249,0
DA:255,0
DA:261,0
DA:267,0
DA:273,0
DA:281,0
DA:287,0
DA:293,0
DA:299,1
DA:302,0
LF:66
LH:21
BRDA:107,0,0,0
BRDA:108,1,0,0
BRDA:108,1,1,0
BRDA:110,2,0,0
BRDA:110,2,1,0
BRDA:110,2,2,0
BRDA:110,2,3,0
BRDA:125,3,0,0
BRDA:125,3,1,0
BRDA:125,3,2,0
BRF:10
BRH:0
end_of_record
TN:
SF:/home/fvhockney/laut/pubapi/tests/data/einsHayom.js
FNF:0
FNH:0
DA:1,1
LF:1
LH:1
BRF:0
BRH:0
end_of_record
TN:
SF:/home/fvhockney/laut/pubapi/tests/data/genres.js
FNF:0
FNH:0
DA:1,1
LF:1
LH:1
BRF:0
BRH:0
end_of_record
TN:
SF:/home/fvhockney/laut/pubapi/tests/data/letters.js
FNF:0
FNH:0
DA:1,1
LF:1
LH:1
BRF:0
BRH:0
end_of_record
TN:
SF:/home/fvhockney/laut/pubapi/tests/data/listeners.js
FNF:0
FNH:0
DA:1,1
LF:1
LH:1
BRF:0
BRH:0
end_of_record
TN:
SF:/home/fvhockney/laut/pubapi/tests/data/liveStations.js
FNF:0
FNH:0
DA:1,1
LF:1
LH:1
BRF:0
BRH:0
end_of_record
TN:
SF:/home/fvhockney/laut/pubapi/tests/data/serverStatus.js
FNF:0
FNH:0
DA:1,1
LF:1
LH:1
BRF:0
BRH:0
end_of_record
TN:
SF:/home/fvhockney/laut/pubapi/tests/data/stationNames.js
FNF:0
FNH:0
DA:1,1
LF:1
LH:1
BRF:0
BRH:0
end_of_record
TN:
SF:/home/fvhockney/laut/pubapi/tests/data/stations.js
FNF:0
FNH:0
DA:1,1
LF:1
LH:1
BRF:0
BRH:0
end_of_record
TN:
SF:/home/fvhockney/laut/pubapi/tests/data/stationsEOffset.js
FNF:0
FNH:0
DA:1,1
LF:1
LH:1
BRF:0
BRH:0
end_of_record
TN:
SF:/home/fvhockney/laut/pubapi/tests/data/stationsOffset.js
FNF:0
FNH:0
DA:1,1
LF:1
LH:1
BRF:0
BRH:0
end_of_record
TN:
SF:/home/fvhockney/laut/pubapi/tests/data/stationsStartNumbers.js
FNF:0
FNH:0
DA:1,1
LF:1
LH:1
BRF:0
BRH:0
end_of_record
TN:
SF:/home/fvhockney/laut/pubapi/tests/data/stationsStartW.js
FNF:0
FNH:0
DA:1,1
LF:1
LH:1
BRF:0
BRH:0
end_of_record
TN:
SF:/home/fvhockney/laut/pubapi/tests/data/time.js
FNF:0
FNH:0
DA:1,1
LF:1
LH:1
BRF:0
BRH:0
end_of_record
TN:
SF:/home/fvhockney/laut/pubapi/tests/data/Eins/currentSong.js
FNF:0
FNH:0
DA:1,1
LF:1
LH:1
BRF:0
BRH:0
end_of_record
TN:
SF:/home/fvhockney/laut/pubapi/tests/data/Eins/eins.js
FNF:0
FNH:0
DA:1,1
LF:1
LH:1
BRF:0
BRH:0
end_of_record
TN:
SF:/home/fvhockney/laut/pubapi/tests/data/Eins/lastSongs.js
FNF:0
FNH:0
DA:1,1
LF:1
LH:1
BRF:0
BRH:0
end_of_record
TN:
SF:/home/fvhockney/laut/pubapi/tests/data/Eins/listeners.js
FNF:0
FNH:0
DA:1,1
LF:1
LH:1
BRF:0
BRH:0
end_of_record
TN:
SF:/home/fvhockney/laut/pubapi/tests/data/Eins/nextArtists.js
FNF:0
FNH:0
DA:1,1
LF:1
LH:1
BRF:0
BRH:0
end_of_record
TN:
SF:/home/fvhockney/laut/pubapi/tests/data/Eins/playlists.js
FNF:0
FNH:0
DA:1,1
LF:1
LH:1
BRF:0
BRH:0
end_of_record
TN:
SF:/home/fvhockney/laut/pubapi/tests/data/Eins/schedule.js
FNF:0
FNH:0
DA:1,1
LF:1
LH:1
BRF:0
BRH:0
end_of_record
